<?xml version="1.0" encoding="UTF-8"?>
<!-- Generated by org.testng.reporters.JUnitReportReporter -->
<testsuite hostname="6704e31e072e54a" failures="0" tests="80" name="com.example.ZyphroaTest" time="15.261" errors="0" timestamp="2026-02-20T14:09:00 IST" skipped="0">
  <testcase classname="com.example.ZyphroaTest" name="TC01_LoginUrl" time="0.201"/>
  <testcase classname="com.example.ZyphroaTest" name="TC02_LoginTitleNotEmpty" time="0.072"/>
  <testcase classname="com.example.ZyphroaTest" name="TC03_LoginBodyVisible" time="0.155"/>
  <testcase classname="com.example.ZyphroaTest" name="TC04_LoginHTMLVisible" time="0.180"/>
  <testcase classname="com.example.ZyphroaTest" name="TC05_LoginPageSourceLength" time="0.088"/>
  <testcase classname="com.example.ZyphroaTest" name="TC06_LoginRefresh" time="0.117"/>
  <testcase classname="com.example.ZyphroaTest" name="TC07_LoginBackForward" time="0.274"/>
  <testcase classname="com.example.ZyphroaTest" name="TC08_LoginJSExecution" time="0.080"/>
  <testcase classname="com.example.ZyphroaTest" name="TC09_LoginWindowHeight" time="0.009"/>
  <testcase classname="com.example.ZyphroaTest" name="TC10_LoginDriverNotNull" time="0.001"/>
  <testcase classname="com.example.ZyphroaTest" name="TC11_HomeUrlContains" time="0.183"/>
  <testcase classname="com.example.ZyphroaTest" name="TC12_HomeTitleExists" time="0.160"/>
  <testcase classname="com.example.ZyphroaTest" name="TC13_HomeBodyVisible" time="0.204"/>
  <testcase classname="com.example.ZyphroaTest" name="TC14_HomePageSource" time="0.195"/>
  <testcase classname="com.example.ZyphroaTest" name="TC15_HomeRefresh" time="0.179"/>
  <testcase classname="com.example.ZyphroaTest" name="TC16_HomeScrollDown" time="0.161"/>
  <testcase classname="com.example.ZyphroaTest" name="TC17_HomeScrollTop" time="0.156"/>
  <testcase classname="com.example.ZyphroaTest" name="TC18_HomeReadyState" time="0.152"/>
  <testcase classname="com.example.ZyphroaTest" name="TC19_HomeJSBoolean" time="0.128"/>
  <testcase classname="com.example.ZyphroaTest" name="TC20_HomeJSString" time="0.160"/>
  <testcase classname="com.example.ZyphroaTest" name="TC21_HomeBackNav" time="0.240"/>
  <testcase classname="com.example.ZyphroaTest" name="TC22_HomeForwardNav" time="0.304"/>
  <testcase classname="com.example.ZyphroaTest" name="TC23_HomePageLength" time="0.185"/>
  <testcase classname="com.example.ZyphroaTest" name="TC24_HomeURLExact" time="0.216"/>
  <testcase classname="com.example.ZyphroaTest" name="TC25_HomeWindowWidth" time="0.006"/>
  <testcase classname="com.example.ZyphroaTest" name="TC26_CartUrl" time="0.680"/>
  <testcase classname="com.example.ZyphroaTest" name="TC27_CartTitle" time="0.140"/>
  <testcase classname="com.example.ZyphroaTest" name="TC28_CartBodyVisible" time="0.184"/>
  <testcase classname="com.example.ZyphroaTest" name="TC29_CartRefresh" time="0.180"/>
  <testcase classname="com.example.ZyphroaTest" name="TC30_CartPageLength" time="0.226"/>
  <testcase classname="com.example.ZyphroaTest" name="TC31_CartJSCalc" time="0.195"/>
  <testcase classname="com.example.ZyphroaTest" name="TC32_CartScroll" time="0.190"/>
  <testcase classname="com.example.ZyphroaTest" name="TC33_CartScrollTop" time="0.673"/>
  <testcase classname="com.example.ZyphroaTest" name="TC34_CartBackForward" time="0.295"/>
  <testcase classname="com.example.ZyphroaTest" name="TC35_CartReadyState" time="0.149"/>
  <testcase classname="com.example.ZyphroaTest" name="TC36_CartURLExact" time="0.164"/>
  <testcase classname="com.example.ZyphroaTest" name="TC37_CartPageSourceContainsHTML" time="0.155"/>
  <testcase classname="com.example.ZyphroaTest" name="TC38_CartWindowHeight" time="0.006"/>
  <testcase classname="com.example.ZyphroaTest" name="TC39_CartDriverActive" time="0.001"/>
  <testcase classname="com.example.ZyphroaTest" name="TC40_CartJSBoolean" time="0.185"/>
  <testcase classname="com.example.ZyphroaTest" name="TC41_CheckoutUrl" time="0.151"/>
  <testcase classname="com.example.ZyphroaTest" name="TC42_CheckoutTitle" time="0.164"/>
  <testcase classname="com.example.ZyphroaTest" name="TC43_CheckoutBody" time="0.187"/>
  <testcase classname="com.example.ZyphroaTest" name="TC44_CheckoutRefresh" time="0.199"/>
  <testcase classname="com.example.ZyphroaTest" name="TC45_CheckoutScroll" time="0.152"/>
  <testcase classname="com.example.ZyphroaTest" name="TC46_CheckoutReadyState" time="0.199"/>
  <testcase classname="com.example.ZyphroaTest" name="TC47_CheckoutJSNumber" time="0.224"/>
  <testcase classname="com.example.ZyphroaTest" name="TC48_CheckoutURLExact" time="0.162"/>
  <testcase classname="com.example.ZyphroaTest" name="TC49_CheckoutPageSource" time="0.162"/>
  <testcase classname="com.example.ZyphroaTest" name="TC50_CheckoutBackForward" time="0.282"/>
  <testcase classname="com.example.ZyphroaTest" name="TC51_CheckoutHTMLTag" time="0.166"/>
  <testcase classname="com.example.ZyphroaTest" name="TC52_CheckoutJSString" time="0.671"/>
  <testcase classname="com.example.ZyphroaTest" name="TC53_CheckoutWindowWidth" time="0.006"/>
  <testcase classname="com.example.ZyphroaTest" name="TC54_CheckoutDriverNotNull" time="0.001"/>
  <testcase classname="com.example.ZyphroaTest" name="TC55_CheckoutTitleLength" time="0.178"/>
  <testcase classname="com.example.ZyphroaTest" name="TC56_OrdersUrl" time="0.666"/>
  <testcase classname="com.example.ZyphroaTest" name="TC57_OrdersTitle" time="0.156"/>
  <testcase classname="com.example.ZyphroaTest" name="TC58_OrdersBody" time="0.713"/>
  <testcase classname="com.example.ZyphroaTest" name="TC59_OrdersRefresh" time="0.296"/>
  <testcase classname="com.example.ZyphroaTest" name="TC60_OrdersScroll" time="0.196"/>
  <testcase classname="com.example.ZyphroaTest" name="TC61_OrdersReadyState" time="0.218"/>
  <testcase classname="com.example.ZyphroaTest" name="TC62_OrdersURLExact" time="0.310"/>
  <testcase classname="com.example.ZyphroaTest" name="TC63_OrdersPageLength" time="0.170"/>
  <testcase classname="com.example.ZyphroaTest" name="TC64_OrdersBackForward" time="0.519"/>
  <testcase classname="com.example.ZyphroaTest" name="TC65_OrdersJSBoolean" time="0.244"/>
  <testcase classname="com.example.ZyphroaTest" name="TC66_OrdersJSNumber" time="0.877"/>
  <testcase classname="com.example.ZyphroaTest" name="TC67_OrdersHTMLTag" time="0.470"/>
  <testcase classname="com.example.ZyphroaTest" name="TC68_OrdersWindowHeight" time="0.007"/>
  <testcase classname="com.example.ZyphroaTest" name="TC69_OrdersDriverActive" time="0.001"/>
  <testcase classname="com.example.ZyphroaTest" name="TC70_OrdersTitleLength" time="0.164"/>
  <testcase classname="com.example.ZyphroaTest" name="TC71_SetLocalStorage" time="0.018"/>
  <testcase classname="com.example.ZyphroaTest" name="TC72_GetLocalStorage" time="0.008"/>
  <testcase classname="com.example.ZyphroaTest" name="TC73_RemoveLocalStorage" time="0.018"/>
  <testcase classname="com.example.ZyphroaTest" name="TC74_ClearLocalStorage" time="0.007"/>
  <testcase classname="com.example.ZyphroaTest" name="TC75_SetSessionStorage" time="0.008"/>
  <testcase classname="com.example.ZyphroaTest" name="TC76_GetSessionStorage" time="0.012"/>
  <testcase classname="com.example.ZyphroaTest" name="TC77_RemoveSessionStorage" time="0.022"/>
  <testcase classname="com.example.ZyphroaTest" name="TC78_JSReturnArray" time="0.009"/>
  <testcase classname="com.example.ZyphroaTest" name="TC79_JSReturnObject" time="0.011"/>
  <testcase classname="com.example.ZyphroaTest" name="TC80_JSMathRandom" time="0.008"/>
</testsuite> <!-- com.example.ZyphroaTest -->
