<?xml version="1.0" encoding="UTF-8"?>
<!-- Generated by org.testng.reporters.JUnitReportReporter -->
<testsuite hostname="6704e31e072e54a" failures="0" tests="80" name="com.example.ZyphroaTest" time="21.063" errors="0" timestamp="2026-02-23T13:39:32 IST" skipped="0">
  <testcase classname="com.example.ZyphroaTest" name="TC01_LoginUrl" time="0.247"/>
  <testcase classname="com.example.ZyphroaTest" name="TC02_LoginTitleNotEmpty" time="0.214"/>
  <testcase classname="com.example.ZyphroaTest" name="TC03_LoginBodyVisible" time="0.243"/>
  <testcase classname="com.example.ZyphroaTest" name="TC04_LoginHTMLVisible" time="0.298"/>
  <testcase classname="com.example.ZyphroaTest" name="TC05_LoginPageSourceLength" time="0.342"/>
  <testcase classname="com.example.ZyphroaTest" name="TC06_LoginRefresh" time="0.216"/>
  <testcase classname="com.example.ZyphroaTest" name="TC07_LoginBackForward" time="0.284"/>
  <testcase classname="com.example.ZyphroaTest" name="TC08_LoginJSExecution" time="0.160"/>
  <testcase classname="com.example.ZyphroaTest" name="TC09_LoginWindowHeight" time="0.010"/>
  <testcase classname="com.example.ZyphroaTest" name="TC10_LoginDriverNotNull" time="0.001"/>
  <testcase classname="com.example.ZyphroaTest" name="TC11_HomeUrlContains" time="0.318"/>
  <testcase classname="com.example.ZyphroaTest" name="TC12_HomeTitleExists" time="0.253"/>
  <testcase classname="com.example.ZyphroaTest" name="TC13_HomeBodyVisible" time="0.310"/>
  <testcase classname="com.example.ZyphroaTest" name="TC14_HomePageSource" time="0.245"/>
  <testcase classname="com.example.ZyphroaTest" name="TC15_HomeRefresh" time="0.267"/>
  <testcase classname="com.example.ZyphroaTest" name="TC16_HomeScrollDown" time="0.220"/>
  <testcase classname="com.example.ZyphroaTest" name="TC17_HomeScrollTop" time="0.226"/>
  <testcase classname="com.example.ZyphroaTest" name="TC18_HomeReadyState" time="0.721"/>
  <testcase classname="com.example.ZyphroaTest" name="TC19_HomeJSBoolean" time="0.198"/>
  <testcase classname="com.example.ZyphroaTest" name="TC20_HomeJSString" time="0.250"/>
  <testcase classname="com.example.ZyphroaTest" name="TC21_HomeBackNav" time="0.345"/>
  <testcase classname="com.example.ZyphroaTest" name="TC22_HomeForwardNav" time="0.377"/>
  <testcase classname="com.example.ZyphroaTest" name="TC23_HomePageLength" time="0.300"/>
  <testcase classname="com.example.ZyphroaTest" name="TC24_HomeURLExact" time="0.214"/>
  <testcase classname="com.example.ZyphroaTest" name="TC25_HomeWindowWidth" time="0.024"/>
  <testcase classname="com.example.ZyphroaTest" name="TC26_CartUrl" time="0.800"/>
  <testcase classname="com.example.ZyphroaTest" name="TC27_CartTitle" time="0.249"/>
  <testcase classname="com.example.ZyphroaTest" name="TC28_CartBodyVisible" time="0.329"/>
  <testcase classname="com.example.ZyphroaTest" name="TC29_CartRefresh" time="0.245"/>
  <testcase classname="com.example.ZyphroaTest" name="TC30_CartPageLength" time="0.220"/>
  <testcase classname="com.example.ZyphroaTest" name="TC31_CartJSCalc" time="0.225"/>
  <testcase classname="com.example.ZyphroaTest" name="TC32_CartScroll" time="0.205"/>
  <testcase classname="com.example.ZyphroaTest" name="TC33_CartScrollTop" time="0.231"/>
  <testcase classname="com.example.ZyphroaTest" name="TC34_CartBackForward" time="0.363"/>
  <testcase classname="com.example.ZyphroaTest" name="TC35_CartReadyState" time="0.207"/>
  <testcase classname="com.example.ZyphroaTest" name="TC36_CartURLExact" time="0.242"/>
  <testcase classname="com.example.ZyphroaTest" name="TC37_CartPageSourceContainsHTML" time="0.201"/>
  <testcase classname="com.example.ZyphroaTest" name="TC38_CartWindowHeight" time="0.008"/>
  <testcase classname="com.example.ZyphroaTest" name="TC39_CartDriverActive" time="0.003"/>
  <testcase classname="com.example.ZyphroaTest" name="TC40_CartJSBoolean" time="0.333"/>
  <testcase classname="com.example.ZyphroaTest" name="TC41_CheckoutUrl" time="0.283"/>
  <testcase classname="com.example.ZyphroaTest" name="TC42_CheckoutTitle" time="0.500"/>
  <testcase classname="com.example.ZyphroaTest" name="TC43_CheckoutBody" time="0.816"/>
  <testcase classname="com.example.ZyphroaTest" name="TC44_CheckoutRefresh" time="0.327"/>
  <testcase classname="com.example.ZyphroaTest" name="TC45_CheckoutScroll" time="0.338"/>
  <testcase classname="com.example.ZyphroaTest" name="TC46_CheckoutReadyState" time="0.260"/>
  <testcase classname="com.example.ZyphroaTest" name="TC47_CheckoutJSNumber" time="0.285"/>
  <testcase classname="com.example.ZyphroaTest" name="TC48_CheckoutURLExact" time="0.765"/>
  <testcase classname="com.example.ZyphroaTest" name="TC49_CheckoutPageSource" time="0.270"/>
  <testcase classname="com.example.ZyphroaTest" name="TC50_CheckoutBackForward" time="0.867"/>
  <testcase classname="com.example.ZyphroaTest" name="TC51_CheckoutHTMLTag" time="0.282"/>
  <testcase classname="com.example.ZyphroaTest" name="TC52_CheckoutJSString" time="0.221"/>
  <testcase classname="com.example.ZyphroaTest" name="TC53_CheckoutWindowWidth" time="0.007"/>
  <testcase classname="com.example.ZyphroaTest" name="TC54_CheckoutDriverNotNull" time="0.001"/>
  <testcase classname="com.example.ZyphroaTest" name="TC55_CheckoutTitleLength" time="0.281"/>
  <testcase classname="com.example.ZyphroaTest" name="TC56_OrdersUrl" time="0.895"/>
  <testcase classname="com.example.ZyphroaTest" name="TC57_OrdersTitle" time="0.225"/>
  <testcase classname="com.example.ZyphroaTest" name="TC58_OrdersBody" time="0.241"/>
  <testcase classname="com.example.ZyphroaTest" name="TC59_OrdersRefresh" time="0.290"/>
  <testcase classname="com.example.ZyphroaTest" name="TC60_OrdersScroll" time="0.753"/>
  <testcase classname="com.example.ZyphroaTest" name="TC61_OrdersReadyState" time="0.258"/>
  <testcase classname="com.example.ZyphroaTest" name="TC62_OrdersURLExact" time="0.268"/>
  <testcase classname="com.example.ZyphroaTest" name="TC63_OrdersPageLength" time="0.274"/>
  <testcase classname="com.example.ZyphroaTest" name="TC64_OrdersBackForward" time="0.360"/>
  <testcase classname="com.example.ZyphroaTest" name="TC65_OrdersJSBoolean" time="0.213"/>
  <testcase classname="com.example.ZyphroaTest" name="TC66_OrdersJSNumber" time="0.288"/>
  <testcase classname="com.example.ZyphroaTest" name="TC67_OrdersHTMLTag" time="0.378"/>
  <testcase classname="com.example.ZyphroaTest" name="TC68_OrdersWindowHeight" time="0.008"/>
  <testcase classname="com.example.ZyphroaTest" name="TC69_OrdersDriverActive" time="0.001"/>
  <testcase classname="com.example.ZyphroaTest" name="TC70_OrdersTitleLength" time="0.862"/>
  <testcase classname="com.example.ZyphroaTest" name="TC71_SetLocalStorage" time="0.012"/>
  <testcase classname="com.example.ZyphroaTest" name="TC72_GetLocalStorage" time="0.011"/>
  <testcase classname="com.example.ZyphroaTest" name="TC73_RemoveLocalStorage" time="0.011"/>
  <testcase classname="com.example.ZyphroaTest" name="TC74_ClearLocalStorage" time="0.008"/>
  <testcase classname="com.example.ZyphroaTest" name="TC75_SetSessionStorage" time="0.008"/>
  <testcase classname="com.example.ZyphroaTest" name="TC76_GetSessionStorage" time="0.007"/>
  <testcase classname="com.example.ZyphroaTest" name="TC77_RemoveSessionStorage" time="0.011"/>
  <testcase classname="com.example.ZyphroaTest" name="TC78_JSReturnArray" time="0.011"/>
  <testcase classname="com.example.ZyphroaTest" name="TC79_JSReturnObject" time="0.010"/>
  <testcase classname="com.example.ZyphroaTest" name="TC80_JSMathRandom" time="0.013"/>
</testsuite> <!-- com.example.ZyphroaTest -->
