<?xml version="1.0" encoding="UTF-8"?>
<testsuite xmlns:xsi="http://www.w3.org/2001/XMLSchema-instance" xsi:noNamespaceSchemaLocation="https://maven.apache.org/surefire/maven-surefire-plugin/xsd/surefire-test-report-3.0.xsd" version="3.0" name="TestSuite" time="19.644" tests="80" errors="0" skipped="0" failures="0">
  <properties>
[...]
</properties>
  <testcase name="TC01_LoginUrl" classname="com.example.ZyphroaTest" time="0.275">
    <system-err><![CDATA[SLF4J: Failed to load class "org.slf4j.impl.StaticLoggerBinder".
SLF4J: Defaulting to no-operation (NOP) logger implementation
SLF4J: See http://www.slf4j.org/codes.html#StaticLoggerBinder for further details.
Feb 20, 2026 2:08:43 PM org.openqa.selenium.devtools.CdpVersionFinder findNearestMatch
WARNING: Unable to find CDP implementation matching 145
Feb 20, 2026 2:08:43 PM org.openqa.selenium.chromium.ChromiumDriver lambda$new$5
WARNING: Unable to find version of CDP to use for 145.0.7632.109. You may need to include a dependency on a specific version of the CDP using something similar to `org.seleniumhq.selenium:selenium-devtools-v86:4.18.1` where the version ("v86") matches the version of the chromium-based browser you're using and the version number of the artifact is the same as Selenium's.
]]></system-err>
  </testcase>
  <testcase name="TC02_LoginTitleNotEmpty" classname="com.example.ZyphroaTest" time="0.08"/>
  <testcase name="TC03_LoginBodyVisible" classname="com.example.ZyphroaTest" time="0.176"/>
  <testcase name="TC04_LoginHTMLVisible" classname="com.example.ZyphroaTest" time="0.172"/>
  <testcase name="TC05_LoginPageSourceLength" classname="com.example.ZyphroaTest" time="0.091"/>
  <testcase name="TC06_LoginRefresh" classname="com.example.ZyphroaTest" time="0.12"/>
  <testcase name="TC07_LoginBackForward" classname="com.example.ZyphroaTest" time="0.286"/>
  <testcase name="TC08_LoginJSExecution" classname="com.example.ZyphroaTest" time="0.081"/>
  <testcase name="TC09_LoginWindowHeight" classname="com.example.ZyphroaTest" time="0.014"/>
  <testcase name="TC10_LoginDriverNotNull" classname="com.example.ZyphroaTest" time="0.006"/>
  <testcase name="TC11_HomeUrlContains" classname="com.example.ZyphroaTest" time="0.196"/>
  <testcase name="TC12_HomeTitleExists" classname="com.example.ZyphroaTest" time="0.167"/>
  <testcase name="TC13_HomeBodyVisible" classname="com.example.ZyphroaTest" time="0.208"/>
  <testcase name="TC14_HomePageSource" classname="com.example.ZyphroaTest" time="0.194"/>
  <testcase name="TC15_HomeRefresh" classname="com.example.ZyphroaTest" time="0.185"/>
  <testcase name="TC16_HomeScrollDown" classname="com.example.ZyphroaTest" time="0.171"/>
  <testcase name="TC17_HomeScrollTop" classname="com.example.ZyphroaTest" time="0.179"/>
  <testcase name="TC18_HomeReadyState" classname="com.example.ZyphroaTest" time="0.157"/>
  <testcase name="TC19_HomeJSBoolean" classname="com.example.ZyphroaTest" time="0.132"/>
  <testcase name="TC20_HomeJSString" classname="com.example.ZyphroaTest" time="0.167"/>
  <testcase name="TC21_HomeBackNav" classname="com.example.ZyphroaTest" time="0.24"/>
  <testcase name="TC22_HomeForwardNav" classname="com.example.ZyphroaTest" time="0.302"/>
  <testcase name="TC23_HomePageLength" classname="com.example.ZyphroaTest" time="0.205"/>
  <testcase name="TC24_HomeURLExact" classname="com.example.ZyphroaTest" time="0.217"/>
  <testcase name="TC25_HomeWindowWidth" classname="com.example.ZyphroaTest" time="0.018"/>
  <testcase name="TC26_CartUrl" classname="com.example.ZyphroaTest" time="0.673"/>
  <testcase name="TC27_CartTitle" classname="com.example.ZyphroaTest" time="0.156"/>
  <testcase name="TC28_CartBodyVisible" classname="com.example.ZyphroaTest" time="0.185"/>
  <testcase name="TC29_CartRefresh" classname="com.example.ZyphroaTest" time="0.186"/>
  <testcase name="TC30_CartPageLength" classname="com.example.ZyphroaTest" time="0.244"/>
  <testcase name="TC31_CartJSCalc" classname="com.example.ZyphroaTest" time="0.197"/>
  <testcase name="TC32_CartScroll" classname="com.example.ZyphroaTest" time="0.196"/>
  <testcase name="TC33_CartScrollTop" classname="com.example.ZyphroaTest" time="0.673"/>
  <testcase name="TC34_CartBackForward" classname="com.example.ZyphroaTest" time="0.299"/>
  <testcase name="TC35_CartReadyState" classname="com.example.ZyphroaTest" time="0.173"/>
  <testcase name="TC36_CartURLExact" classname="com.example.ZyphroaTest" time="0.172"/>
  <testcase name="TC37_CartPageSourceContainsHTML" classname="com.example.ZyphroaTest" time="0.158"/>
  <testcase name="TC38_CartWindowHeight" classname="com.example.ZyphroaTest" time="0.007"/>
  <testcase name="TC39_CartDriverActive" classname="com.example.ZyphroaTest" time="0.004"/>
  <testcase name="TC40_CartJSBoolean" classname="com.example.ZyphroaTest" time="0.189"/>
  <testcase name="TC41_CheckoutUrl" classname="com.example.ZyphroaTest" time="0.158"/>
  <testcase name="TC42_CheckoutTitle" classname="com.example.ZyphroaTest" time="0.17"/>
  <testcase name="TC43_CheckoutBody" classname="com.example.ZyphroaTest" time="0.205"/>
  <testcase name="TC44_CheckoutRefresh" classname="com.example.ZyphroaTest" time="0.208"/>
  <testcase name="TC45_CheckoutScroll" classname="com.example.ZyphroaTest" time="0.156"/>
  <testcase name="TC46_CheckoutReadyState" classname="com.example.ZyphroaTest" time="0.198"/>
  <testcase name="TC47_CheckoutJSNumber" classname="com.example.ZyphroaTest" time="0.23"/>
  <testcase name="TC48_CheckoutURLExact" classname="com.example.ZyphroaTest" time="0.169"/>
  <testcase name="TC49_CheckoutPageSource" classname="com.example.ZyphroaTest" time="0.17"/>
  <testcase name="TC50_CheckoutBackForward" classname="com.example.ZyphroaTest" time="0.294"/>
  <testcase name="TC51_CheckoutHTMLTag" classname="com.example.ZyphroaTest" time="0.169"/>
  <testcase name="TC52_CheckoutJSString" classname="com.example.ZyphroaTest" time="0.677"/>
  <testcase name="TC53_CheckoutWindowWidth" classname="com.example.ZyphroaTest" time="0.015"/>
  <testcase name="TC54_CheckoutDriverNotNull" classname="com.example.ZyphroaTest" time="0.0"/>
  <testcase name="TC55_CheckoutTitleLength" classname="com.example.ZyphroaTest" time="0.197"/>
  <testcase name="TC56_OrdersUrl" classname="com.example.ZyphroaTest" time="0.68"/>
  <testcase name="TC57_OrdersTitle" classname="com.example.ZyphroaTest" time="0.185"/>
  <testcase name="TC58_OrdersBody" classname="com.example.ZyphroaTest" time="0.728"/>
  <testcase name="TC59_OrdersRefresh" classname="com.example.ZyphroaTest" time="0.306"/>
  <testcase name="TC60_OrdersScroll" classname="com.example.ZyphroaTest" time="0.199"/>
  <testcase name="TC61_OrdersReadyState" classname="com.example.ZyphroaTest" time="0.222"/>
  <testcase name="TC62_OrdersURLExact" classname="com.example.ZyphroaTest" time="0.328"/>
  <testcase name="TC63_OrdersPageLength" classname="com.example.ZyphroaTest" time="0.173"/>
  <testcase name="TC64_OrdersBackForward" classname="com.example.ZyphroaTest" time="0.518"/>
  <testcase name="TC65_OrdersJSBoolean" classname="com.example.ZyphroaTest" time="0.247"/>
  <testcase name="TC66_OrdersJSNumber" classname="com.example.ZyphroaTest" time="0.913"/>
  <testcase name="TC67_OrdersHTMLTag" classname="com.example.ZyphroaTest" time="0.49"/>
  <testcase name="TC68_OrdersWindowHeight" classname="com.example.ZyphroaTest" time="0.017"/>
  <testcase name="TC69_OrdersDriverActive" classname="com.example.ZyphroaTest" time="0.002"/>
  <testcase name="TC70_OrdersTitleLength" classname="com.example.ZyphroaTest" time="0.168"/>
  <testcase name="TC71_SetLocalStorage" classname="com.example.ZyphroaTest" time="0.022"/>
  <testcase name="TC72_GetLocalStorage" classname="com.example.ZyphroaTest" time="0.01"/>
  <testcase name="TC73_RemoveLocalStorage" classname="com.example.ZyphroaTest" time="0.02"/>
  <testcase name="TC74_ClearLocalStorage" classname="com.example.ZyphroaTest" time="0.009"/>
  <testcase name="TC75_SetSessionStorage" classname="com.example.ZyphroaTest" time="0.011"/>
  <testcase name="TC76_GetSessionStorage" classname="com.example.ZyphroaTest" time="0.015"/>
  <testcase name="TC77_RemoveSessionStorage" classname="com.example.ZyphroaTest" time="0.023"/>
  <testcase name="TC78_JSReturnArray" classname="com.example.ZyphroaTest" time="0.012"/>
  <testcase name="TC79_JSReturnObject" classname="com.example.ZyphroaTest" time="0.012"/>
  <testcase name="TC80_JSMathRandom" classname="com.example.ZyphroaTest" time="0.011"/>
</testsuite>