<?xml version="1.0" encoding="UTF-8"?>
<testng-results ignored="0" total="80" passed="73" failed="7" skipped="0">
  <reporter-output>
  </reporter-output>
  <suite started-at="2026-02-23T10:06:36 IST" name="Suite" finished-at="2026-02-23T10:07:14 IST" duration-ms="38537">
    <groups>
    </groups>
    <test started-at="2026-02-23T10:06:36 IST" name="ZyphroaTest" finished-at="2026-02-23T10:07:14 IST" duration-ms="38537">
      <class name="com.example.ZyphroaTest">
        <test-method is-config="true" signature="setup()[pri:0, instance:com.example.ZyphroaTest@6fa51cd4]" started-at="2026-02-23T10:06:36 IST" name="setup" finished-at="2026-02-23T10:06:39 IST" duration-ms="3797" status="PASS">
          <reporter-output>
          </reporter-output>
        </test-method> <!-- setup -->
        <test-method signature="TC01_LoginUrl()[pri:1, instance:com.example.ZyphroaTest@6fa51cd4]" started-at="2026-02-23T10:06:39 IST" name="TC01_LoginUrl" finished-at="2026-02-23T10:06:42 IST" duration-ms="2571" status="FAIL">
          <exception class="org.openqa.selenium.WebDriverException">
            <message>
              <![CDATA[unknown error: net::ERR_CONNECTION_REFUSED
  (Session info: chrome=145.0.7632.109)
Build info: version: '4.18.1', revision: 'b1d3319b48'
System info: os.name: 'Windows 10', os.arch: 'amd64', os.version: '10.0', java.version: '17.0.12'
Driver info: org.openqa.selenium.chrome.ChromeDriver
Command: [53f70a4dc486039db4d05f317698ad0d, get {url=http://127.0.0.1:5500/website/index.html}]
Capabilities {acceptInsecureCerts: false, browserName: chrome, browserVersion: 145.0.7632.109, chrome: {chromedriverVersion: 145.0.7632.77 (da516187054a..., userDataDir: C:\Windows\SystemTemp\scope...}, fedcm:accounts: true, goog:chromeOptions: {debuggerAddress: localhost:49804}, goog:processID: 8624, networkConnectionEnabled: false, pageLoadStrategy: normal, platformName: windows, proxy: Proxy(), se:cdp: ws://localhost:49804/devtoo..., se:cdpVersion: 145.0.7632.109, setWindowRect: true, strictFileInteractability: false, timeouts: {implicit: 0, pageLoad: 300000, script: 30000}, unhandledPromptBehavior: dismiss and notify, webauthn:extension:credBlob: true, webauthn:extension:largeBlob: true, webauthn:extension:minPinLength: true, webauthn:extension:prf: true, webauthn:virtualAuthenticators: true}
Session ID: 53f70a4dc486039db4d05f317698ad0d]]>
            </message>
            <full-stacktrace>
              <![CDATA[org.openqa.selenium.WebDriverException: unknown error: net::ERR_CONNECTION_REFUSED
  (Session info: chrome=145.0.7632.109)
Build info: version: '4.18.1', revision: 'b1d3319b48'
System info: os.name: 'Windows 10', os.arch: 'amd64', os.version: '10.0', java.version: '17.0.12'
Driver info: org.openqa.selenium.chrome.ChromeDriver
Command: [53f70a4dc486039db4d05f317698ad0d, get {url=http://127.0.0.1:5500/website/index.html}]
Capabilities {acceptInsecureCerts: false, browserName: chrome, browserVersion: 145.0.7632.109, chrome: {chromedriverVersion: 145.0.7632.77 (da516187054a..., userDataDir: C:\Windows\SystemTemp\scope...}, fedcm:accounts: true, goog:chromeOptions: {debuggerAddress: localhost:49804}, goog:processID: 8624, networkConnectionEnabled: false, pageLoadStrategy: normal, platformName: windows, proxy: Proxy(), se:cdp: ws://localhost:49804/devtoo..., se:cdpVersion: 145.0.7632.109, setWindowRect: true, strictFileInteractability: false, timeouts: {implicit: 0, pageLoad: 300000, script: 30000}, unhandledPromptBehavior: dismiss and notify, webauthn:extension:credBlob: true, webauthn:extension:largeBlob: true, webauthn:extension:minPinLength: true, webauthn:extension:prf: true, webauthn:virtualAuthenticators: true}
Session ID: 53f70a4dc486039db4d05f317698ad0d
at java.base/jdk.internal.reflect.NativeConstructorAccessorImpl.newInstance0(Native Method)
at java.base/jdk.internal.reflect.NativeConstructorAccessorImpl.newInstance(NativeConstructorAccessorImpl.java:77)
at java.base/jdk.internal.reflect.DelegatingConstructorAccessorImpl.newInstance(DelegatingConstructorAccessorImpl.java:45)
at java.base/java.lang.reflect.Constructor.newInstanceWithCaller(Constructor.java:499)
at java.base/java.lang.reflect.Constructor.newInstance(Constructor.java:480)
at org.openqa.selenium.remote.ErrorCodec.decode(ErrorCodec.java:167)
at org.openqa.selenium.remote.codec.w3c.W3CHttpResponseCodec.decode(W3CHttpResponseCodec.java:138)
at org.openqa.selenium.remote.codec.w3c.W3CHttpResponseCodec.decode(W3CHttpResponseCodec.java:50)
at org.openqa.selenium.remote.HttpCommandExecutor.execute(HttpCommandExecutor.java:190)
at org.openqa.selenium.remote.service.DriverCommandExecutor.invokeExecute(DriverCommandExecutor.java:216)
at org.openqa.selenium.remote.service.DriverCommandExecutor.execute(DriverCommandExecutor.java:174)
at org.openqa.selenium.remote.RemoteWebDriver.execute(RemoteWebDriver.java:519)
at org.openqa.selenium.remote.RemoteWebDriver.get(RemoteWebDriver.java:301)
at com.example.ZyphroaTest.openPage(ZyphroaTest.java:162)
at com.example.ZyphroaTest.TC01_LoginUrl(ZyphroaTest.java:168)
at java.base/jdk.internal.reflect.NativeMethodAccessorImpl.invoke0(Native Method)
at java.base/jdk.internal.reflect.NativeMethodAccessorImpl.invoke(NativeMethodAccessorImpl.java:77)
at java.base/jdk.internal.reflect.DelegatingMethodAccessorImpl.invoke(DelegatingMethodAccessorImpl.java:43)
at java.base/java.lang.reflect.Method.invoke(Method.java:568)
at org.testng.internal.invokers.MethodInvocationHelper.invokeMethod(MethodInvocationHelper.java:139)
at org.testng.internal.invokers.TestInvoker.invokeMethod(TestInvoker.java:664)
at org.testng.internal.invokers.TestInvoker.invokeTestMethod(TestInvoker.java:228)
at org.testng.internal.invokers.MethodRunner.runInSequence(MethodRunner.java:63)
at org.testng.internal.invokers.TestInvoker$MethodInvocationAgent.invoke(TestInvoker.java:961)
at org.testng.internal.invokers.TestInvoker.invokeTestMethods(TestInvoker.java:201)
at org.testng.internal.invokers.TestMethodWorker.invokeTestMethods(TestMethodWorker.java:148)
at org.testng.internal.invokers.TestMethodWorker.run(TestMethodWorker.java:128)
at java.base/java.util.ArrayList.forEach(ArrayList.java:1511)
at org.testng.TestRunner.privateRun(TestRunner.java:819)
at org.testng.TestRunner.run(TestRunner.java:619)
at org.testng.SuiteRunner.runTest(SuiteRunner.java:443)
at org.testng.SuiteRunner.runSequentially(SuiteRunner.java:437)
at org.testng.SuiteRunner.privateRun(SuiteRunner.java:397)
at org.testng.SuiteRunner.run(SuiteRunner.java:336)
at org.testng.SuiteRunnerWorker.runSuite(SuiteRunnerWorker.java:52)
at org.testng.SuiteRunnerWorker.run(SuiteRunnerWorker.java:95)
at org.testng.TestNG.runSuitesSequentially(TestNG.java:1301)
at org.testng.TestNG.runSuitesLocally(TestNG.java:1228)
at org.testng.TestNG.runSuites(TestNG.java:1134)
at org.testng.TestNG.run(TestNG.java:1101)
at org.apache.maven.surefire.testng.TestNGExecutor.run(TestNGExecutor.java:308)
at org.apache.maven.surefire.testng.TestNGXmlTestSuite.execute(TestNGXmlTestSuite.java:71)
at org.apache.maven.surefire.testng.TestNGProvider.invoke(TestNGProvider.java:113)
at org.apache.maven.surefire.booter.ForkedBooter.runSuitesInProcess(ForkedBooter.java:385)
at org.apache.maven.surefire.booter.ForkedBooter.execute(ForkedBooter.java:162)
at org.apache.maven.surefire.booter.ForkedBooter.run(ForkedBooter.java:507)
at org.apache.maven.surefire.booter.ForkedBooter.main(ForkedBooter.java:495)
]]>
            </full-stacktrace>
          </exception> <!-- org.openqa.selenium.WebDriverException -->
          <reporter-output>
          </reporter-output>
        </test-method> <!-- TC01_LoginUrl -->
        <test-method signature="TC02_LoginTitleNotEmpty()[pri:2, instance:com.example.ZyphroaTest@6fa51cd4]" started-at="2026-02-23T10:06:42 IST" name="TC02_LoginTitleNotEmpty" finished-at="2026-02-23T10:06:44 IST" duration-ms="1835" status="FAIL">
          <exception class="org.openqa.selenium.WebDriverException">
            <message>
              <![CDATA[unknown error: net::ERR_CONNECTION_REFUSED
  (Session info: chrome=145.0.7632.109)
Build info: version: '4.18.1', revision: 'b1d3319b48'
System info: os.name: 'Windows 10', os.arch: 'amd64', os.version: '10.0', java.version: '17.0.12'
Driver info: org.openqa.selenium.chrome.ChromeDriver
Command: [53f70a4dc486039db4d05f317698ad0d, get {url=http://127.0.0.1:5500/website/index.html}]
Capabilities {acceptInsecureCerts: false, browserName: chrome, browserVersion: 145.0.7632.109, chrome: {chromedriverVersion: 145.0.7632.77 (da516187054a..., userDataDir: C:\Windows\SystemTemp\scope...}, fedcm:accounts: true, goog:chromeOptions: {debuggerAddress: localhost:49804}, goog:processID: 8624, networkConnectionEnabled: false, pageLoadStrategy: normal, platformName: windows, proxy: Proxy(), se:cdp: ws://localhost:49804/devtoo..., se:cdpVersion: 145.0.7632.109, setWindowRect: true, strictFileInteractability: false, timeouts: {implicit: 0, pageLoad: 300000, script: 30000}, unhandledPromptBehavior: dismiss and notify, webauthn:extension:credBlob: true, webauthn:extension:largeBlob: true, webauthn:extension:minPinLength: true, webauthn:extension:prf: true, webauthn:virtualAuthenticators: true}
Session ID: 53f70a4dc486039db4d05f317698ad0d]]>
            </message>
            <full-stacktrace>
              <![CDATA[org.openqa.selenium.WebDriverException: unknown error: net::ERR_CONNECTION_REFUSED
  (Session info: chrome=145.0.7632.109)
Build info: version: '4.18.1', revision: 'b1d3319b48'
System info: os.name: 'Windows 10', os.arch: 'amd64', os.version: '10.0', java.version: '17.0.12'
Driver info: org.openqa.selenium.chrome.ChromeDriver
Command: [53f70a4dc486039db4d05f317698ad0d, get {url=http://127.0.0.1:5500/website/index.html}]
Capabilities {acceptInsecureCerts: false, browserName: chrome, browserVersion: 145.0.7632.109, chrome: {chromedriverVersion: 145.0.7632.77 (da516187054a..., userDataDir: C:\Windows\SystemTemp\scope...}, fedcm:accounts: true, goog:chromeOptions: {debuggerAddress: localhost:49804}, goog:processID: 8624, networkConnectionEnabled: false, pageLoadStrategy: normal, platformName: windows, proxy: Proxy(), se:cdp: ws://localhost:49804/devtoo..., se:cdpVersion: 145.0.7632.109, setWindowRect: true, strictFileInteractability: false, timeouts: {implicit: 0, pageLoad: 300000, script: 30000}, unhandledPromptBehavior: dismiss and notify, webauthn:extension:credBlob: true, webauthn:extension:largeBlob: true, webauthn:extension:minPinLength: true, webauthn:extension:prf: true, webauthn:virtualAuthenticators: true}
Session ID: 53f70a4dc486039db4d05f317698ad0d
at java.base/jdk.internal.reflect.NativeConstructorAccessorImpl.newInstance0(Native Method)
at java.base/jdk.internal.reflect.NativeConstructorAccessorImpl.newInstance(NativeConstructorAccessorImpl.java:77)
at java.base/jdk.internal.reflect.DelegatingConstructorAccessorImpl.newInstance(DelegatingConstructorAccessorImpl.java:45)
at java.base/java.lang.reflect.Constructor.newInstanceWithCaller(Constructor.java:499)
at java.base/java.lang.reflect.Constructor.newInstance(Constructor.java:480)
at org.openqa.selenium.remote.ErrorCodec.decode(ErrorCodec.java:167)
at org.openqa.selenium.remote.codec.w3c.W3CHttpResponseCodec.decode(W3CHttpResponseCodec.java:138)
at org.openqa.selenium.remote.codec.w3c.W3CHttpResponseCodec.decode(W3CHttpResponseCodec.java:50)
at org.openqa.selenium.remote.HttpCommandExecutor.execute(HttpCommandExecutor.java:190)
at org.openqa.selenium.remote.service.DriverCommandExecutor.invokeExecute(DriverCommandExecutor.java:216)
at org.openqa.selenium.remote.service.DriverCommandExecutor.execute(DriverCommandExecutor.java:174)
at org.openqa.selenium.remote.RemoteWebDriver.execute(RemoteWebDriver.java:519)
at org.openqa.selenium.remote.RemoteWebDriver.get(RemoteWebDriver.java:301)
at com.example.ZyphroaTest.openPage(ZyphroaTest.java:162)
at com.example.ZyphroaTest.TC02_LoginTitleNotEmpty(ZyphroaTest.java:169)
at java.base/jdk.internal.reflect.NativeMethodAccessorImpl.invoke0(Native Method)
at java.base/jdk.internal.reflect.NativeMethodAccessorImpl.invoke(NativeMethodAccessorImpl.java:77)
at java.base/jdk.internal.reflect.DelegatingMethodAccessorImpl.invoke(DelegatingMethodAccessorImpl.java:43)
at java.base/java.lang.reflect.Method.invoke(Method.java:568)
at org.testng.internal.invokers.MethodInvocationHelper.invokeMethod(MethodInvocationHelper.java:139)
at org.testng.internal.invokers.TestInvoker.invokeMethod(TestInvoker.java:664)
at org.testng.internal.invokers.TestInvoker.invokeTestMethod(TestInvoker.java:228)
at org.testng.internal.invokers.MethodRunner.runInSequence(MethodRunner.java:63)
at org.testng.internal.invokers.TestInvoker$MethodInvocationAgent.invoke(TestInvoker.java:961)
at org.testng.internal.invokers.TestInvoker.invokeTestMethods(TestInvoker.java:201)
at org.testng.internal.invokers.TestMethodWorker.invokeTestMethods(TestMethodWorker.java:148)
at org.testng.internal.invokers.TestMethodWorker.run(TestMethodWorker.java:128)
at java.base/java.util.ArrayList.forEach(ArrayList.java:1511)
at org.testng.TestRunner.privateRun(TestRunner.java:819)
at org.testng.TestRunner.run(TestRunner.java:619)
at org.testng.SuiteRunner.runTest(SuiteRunner.java:443)
at org.testng.SuiteRunner.runSequentially(SuiteRunner.java:437)
at org.testng.SuiteRunner.privateRun(SuiteRunner.java:397)
at org.testng.SuiteRunner.run(SuiteRunner.java:336)
at org.testng.SuiteRunnerWorker.runSuite(SuiteRunnerWorker.java:52)
at org.testng.SuiteRunnerWorker.run(SuiteRunnerWorker.java:95)
at org.testng.TestNG.runSuitesSequentially(TestNG.java:1301)
at org.testng.TestNG.runSuitesLocally(TestNG.java:1228)
at org.testng.TestNG.runSuites(TestNG.java:1134)
at org.testng.TestNG.run(TestNG.java:1101)
at org.apache.maven.surefire.testng.TestNGExecutor.run(TestNGExecutor.java:308)
at org.apache.maven.surefire.testng.TestNGXmlTestSuite.execute(TestNGXmlTestSuite.java:71)
at org.apache.maven.surefire.testng.TestNGProvider.invoke(TestNGProvider.java:113)
at org.apache.maven.surefire.booter.ForkedBooter.runSuitesInProcess(ForkedBooter.java:385)
at org.apache.maven.surefire.booter.ForkedBooter.execute(ForkedBooter.java:162)
at org.apache.maven.surefire.booter.ForkedBooter.run(ForkedBooter.java:507)
at org.apache.maven.surefire.booter.ForkedBooter.main(ForkedBooter.java:495)
]]>
            </full-stacktrace>
          </exception> <!-- org.openqa.selenium.WebDriverException -->
          <reporter-output>
          </reporter-output>
        </test-method> <!-- TC02_LoginTitleNotEmpty -->
        <test-method signature="TC03_LoginBodyVisible()[pri:3, instance:com.example.ZyphroaTest@6fa51cd4]" started-at="2026-02-23T10:06:44 IST" name="TC03_LoginBodyVisible" finished-at="2026-02-23T10:06:44 IST" duration-ms="241" status="FAIL">
          <exception class="org.openqa.selenium.WebDriverException">
            <message>
              <![CDATA[unknown error: net::ERR_CONNECTION_REFUSED
  (Session info: chrome=145.0.7632.109)
Build info: version: '4.18.1', revision: 'b1d3319b48'
System info: os.name: 'Windows 10', os.arch: 'amd64', os.version: '10.0', java.version: '17.0.12'
Driver info: org.openqa.selenium.chrome.ChromeDriver
Command: [53f70a4dc486039db4d05f317698ad0d, get {url=http://127.0.0.1:5500/website/index.html}]
Capabilities {acceptInsecureCerts: false, browserName: chrome, browserVersion: 145.0.7632.109, chrome: {chromedriverVersion: 145.0.7632.77 (da516187054a..., userDataDir: C:\Windows\SystemTemp\scope...}, fedcm:accounts: true, goog:chromeOptions: {debuggerAddress: localhost:49804}, goog:processID: 8624, networkConnectionEnabled: false, pageLoadStrategy: normal, platformName: windows, proxy: Proxy(), se:cdp: ws://localhost:49804/devtoo..., se:cdpVersion: 145.0.7632.109, setWindowRect: true, strictFileInteractability: false, timeouts: {implicit: 0, pageLoad: 300000, script: 30000}, unhandledPromptBehavior: dismiss and notify, webauthn:extension:credBlob: true, webauthn:extension:largeBlob: true, webauthn:extension:minPinLength: true, webauthn:extension:prf: true, webauthn:virtualAuthenticators: true}
Session ID: 53f70a4dc486039db4d05f317698ad0d]]>
            </message>
            <full-stacktrace>
              <![CDATA[org.openqa.selenium.WebDriverException: unknown error: net::ERR_CONNECTION_REFUSED
  (Session info: chrome=145.0.7632.109)
Build info: version: '4.18.1', revision: 'b1d3319b48'
System info: os.name: 'Windows 10', os.arch: 'amd64', os.version: '10.0', java.version: '17.0.12'
Driver info: org.openqa.selenium.chrome.ChromeDriver
Command: [53f70a4dc486039db4d05f317698ad0d, get {url=http://127.0.0.1:5500/website/index.html}]
Capabilities {acceptInsecureCerts: false, browserName: chrome, browserVersion: 145.0.7632.109, chrome: {chromedriverVersion: 145.0.7632.77 (da516187054a..., userDataDir: C:\Windows\SystemTemp\scope...}, fedcm:accounts: true, goog:chromeOptions: {debuggerAddress: localhost:49804}, goog:processID: 8624, networkConnectionEnabled: false, pageLoadStrategy: normal, platformName: windows, proxy: Proxy(), se:cdp: ws://localhost:49804/devtoo..., se:cdpVersion: 145.0.7632.109, setWindowRect: true, strictFileInteractability: false, timeouts: {implicit: 0, pageLoad: 300000, script: 30000}, unhandledPromptBehavior: dismiss and notify, webauthn:extension:credBlob: true, webauthn:extension:largeBlob: true, webauthn:extension:minPinLength: true, webauthn:extension:prf: true, webauthn:virtualAuthenticators: true}
Session ID: 53f70a4dc486039db4d05f317698ad0d
at java.base/jdk.internal.reflect.NativeConstructorAccessorImpl.newInstance0(Native Method)
at java.base/jdk.internal.reflect.NativeConstructorAccessorImpl.newInstance(NativeConstructorAccessorImpl.java:77)
at java.base/jdk.internal.reflect.DelegatingConstructorAccessorImpl.newInstance(DelegatingConstructorAccessorImpl.java:45)
at java.base/java.lang.reflect.Constructor.newInstanceWithCaller(Constructor.java:499)
at java.base/java.lang.reflect.Constructor.newInstance(Constructor.java:480)
at org.openqa.selenium.remote.ErrorCodec.decode(ErrorCodec.java:167)
at org.openqa.selenium.remote.codec.w3c.W3CHttpResponseCodec.decode(W3CHttpResponseCodec.java:138)
at org.openqa.selenium.remote.codec.w3c.W3CHttpResponseCodec.decode(W3CHttpResponseCodec.java:50)
at org.openqa.selenium.remote.HttpCommandExecutor.execute(HttpCommandExecutor.java:190)
at org.openqa.selenium.remote.service.DriverCommandExecutor.invokeExecute(DriverCommandExecutor.java:216)
at org.openqa.selenium.remote.service.DriverCommandExecutor.execute(DriverCommandExecutor.java:174)
at org.openqa.selenium.remote.RemoteWebDriver.execute(RemoteWebDriver.java:519)
at org.openqa.selenium.remote.RemoteWebDriver.get(RemoteWebDriver.java:301)
at com.example.ZyphroaTest.openPage(ZyphroaTest.java:162)
at com.example.ZyphroaTest.TC03_LoginBodyVisible(ZyphroaTest.java:170)
at java.base/jdk.internal.reflect.NativeMethodAccessorImpl.invoke0(Native Method)
at java.base/jdk.internal.reflect.NativeMethodAccessorImpl.invoke(NativeMethodAccessorImpl.java:77)
at java.base/jdk.internal.reflect.DelegatingMethodAccessorImpl.invoke(DelegatingMethodAccessorImpl.java:43)
at java.base/java.lang.reflect.Method.invoke(Method.java:568)
at org.testng.internal.invokers.MethodInvocationHelper.invokeMethod(MethodInvocationHelper.java:139)
at org.testng.internal.invokers.TestInvoker.invokeMethod(TestInvoker.java:664)
at org.testng.internal.invokers.TestInvoker.invokeTestMethod(TestInvoker.java:228)
at org.testng.internal.invokers.MethodRunner.runInSequence(MethodRunner.java:63)
at org.testng.internal.invokers.TestInvoker$MethodInvocationAgent.invoke(TestInvoker.java:961)
at org.testng.internal.invokers.TestInvoker.invokeTestMethods(TestInvoker.java:201)
at org.testng.internal.invokers.TestMethodWorker.invokeTestMethods(TestMethodWorker.java:148)
at org.testng.internal.invokers.TestMethodWorker.run(TestMethodWorker.java:128)
at java.base/java.util.ArrayList.forEach(ArrayList.java:1511)
at org.testng.TestRunner.privateRun(TestRunner.java:819)
at org.testng.TestRunner.run(TestRunner.java:619)
at org.testng.SuiteRunner.runTest(SuiteRunner.java:443)
at org.testng.SuiteRunner.runSequentially(SuiteRunner.java:437)
at org.testng.SuiteRunner.privateRun(SuiteRunner.java:397)
at org.testng.SuiteRunner.run(SuiteRunner.java:336)
at org.testng.SuiteRunnerWorker.runSuite(SuiteRunnerWorker.java:52)
at org.testng.SuiteRunnerWorker.run(SuiteRunnerWorker.java:95)
at org.testng.TestNG.runSuitesSequentially(TestNG.java:1301)
at org.testng.TestNG.runSuitesLocally(TestNG.java:1228)
at org.testng.TestNG.runSuites(TestNG.java:1134)
at org.testng.TestNG.run(TestNG.java:1101)
at org.apache.maven.surefire.testng.TestNGExecutor.run(TestNGExecutor.java:308)
at org.apache.maven.surefire.testng.TestNGXmlTestSuite.execute(TestNGXmlTestSuite.java:71)
at org.apache.maven.surefire.testng.TestNGProvider.invoke(TestNGProvider.java:113)
at org.apache.maven.surefire.booter.ForkedBooter.runSuitesInProcess(ForkedBooter.java:385)
at org.apache.maven.surefire.booter.ForkedBooter.execute(ForkedBooter.java:162)
at org.apache.maven.surefire.booter.ForkedBooter.run(ForkedBooter.java:507)
at org.apache.maven.surefire.booter.ForkedBooter.main(ForkedBooter.java:495)
]]>
            </full-stacktrace>
          </exception> <!-- org.openqa.selenium.WebDriverException -->
          <reporter-output>
          </reporter-output>
        </test-method> <!-- TC03_LoginBodyVisible -->
        <test-method signature="TC04_LoginHTMLVisible()[pri:4, instance:com.example.ZyphroaTest@6fa51cd4]" started-at="2026-02-23T10:06:44 IST" name="TC04_LoginHTMLVisible" finished-at="2026-02-23T10:06:46 IST" duration-ms="1919" status="FAIL">
          <exception class="org.openqa.selenium.WebDriverException">
            <message>
              <![CDATA[unknown error: net::ERR_CONNECTION_REFUSED
  (Session info: chrome=145.0.7632.109)
Build info: version: '4.18.1', revision: 'b1d3319b48'
System info: os.name: 'Windows 10', os.arch: 'amd64', os.version: '10.0', java.version: '17.0.12'
Driver info: org.openqa.selenium.chrome.ChromeDriver
Command: [53f70a4dc486039db4d05f317698ad0d, get {url=http://127.0.0.1:5500/website/index.html}]
Capabilities {acceptInsecureCerts: false, browserName: chrome, browserVersion: 145.0.7632.109, chrome: {chromedriverVersion: 145.0.7632.77 (da516187054a..., userDataDir: C:\Windows\SystemTemp\scope...}, fedcm:accounts: true, goog:chromeOptions: {debuggerAddress: localhost:49804}, goog:processID: 8624, networkConnectionEnabled: false, pageLoadStrategy: normal, platformName: windows, proxy: Proxy(), se:cdp: ws://localhost:49804/devtoo..., se:cdpVersion: 145.0.7632.109, setWindowRect: true, strictFileInteractability: false, timeouts: {implicit: 0, pageLoad: 300000, script: 30000}, unhandledPromptBehavior: dismiss and notify, webauthn:extension:credBlob: true, webauthn:extension:largeBlob: true, webauthn:extension:minPinLength: true, webauthn:extension:prf: true, webauthn:virtualAuthenticators: true}
Session ID: 53f70a4dc486039db4d05f317698ad0d]]>
            </message>
            <full-stacktrace>
              <![CDATA[org.openqa.selenium.WebDriverException: unknown error: net::ERR_CONNECTION_REFUSED
  (Session info: chrome=145.0.7632.109)
Build info: version: '4.18.1', revision: 'b1d3319b48'
System info: os.name: 'Windows 10', os.arch: 'amd64', os.version: '10.0', java.version: '17.0.12'
Driver info: org.openqa.selenium.chrome.ChromeDriver
Command: [53f70a4dc486039db4d05f317698ad0d, get {url=http://127.0.0.1:5500/website/index.html}]
Capabilities {acceptInsecureCerts: false, browserName: chrome, browserVersion: 145.0.7632.109, chrome: {chromedriverVersion: 145.0.7632.77 (da516187054a..., userDataDir: C:\Windows\SystemTemp\scope...}, fedcm:accounts: true, goog:chromeOptions: {debuggerAddress: localhost:49804}, goog:processID: 8624, networkConnectionEnabled: false, pageLoadStrategy: normal, platformName: windows, proxy: Proxy(), se:cdp: ws://localhost:49804/devtoo..., se:cdpVersion: 145.0.7632.109, setWindowRect: true, strictFileInteractability: false, timeouts: {implicit: 0, pageLoad: 300000, script: 30000}, unhandledPromptBehavior: dismiss and notify, webauthn:extension:credBlob: true, webauthn:extension:largeBlob: true, webauthn:extension:minPinLength: true, webauthn:extension:prf: true, webauthn:virtualAuthenticators: true}
Session ID: 53f70a4dc486039db4d05f317698ad0d
at java.base/jdk.internal.reflect.NativeConstructorAccessorImpl.newInstance0(Native Method)
at java.base/jdk.internal.reflect.NativeConstructorAccessorImpl.newInstance(NativeConstructorAccessorImpl.java:77)
at java.base/jdk.internal.reflect.DelegatingConstructorAccessorImpl.newInstance(DelegatingConstructorAccessorImpl.java:45)
at java.base/java.lang.reflect.Constructor.newInstanceWithCaller(Constructor.java:499)
at java.base/java.lang.reflect.Constructor.newInstance(Constructor.java:480)
at org.openqa.selenium.remote.ErrorCodec.decode(ErrorCodec.java:167)
at org.openqa.selenium.remote.codec.w3c.W3CHttpResponseCodec.decode(W3CHttpResponseCodec.java:138)
at org.openqa.selenium.remote.codec.w3c.W3CHttpResponseCodec.decode(W3CHttpResponseCodec.java:50)
at org.openqa.selenium.remote.HttpCommandExecutor.execute(HttpCommandExecutor.java:190)
at org.openqa.selenium.remote.service.DriverCommandExecutor.invokeExecute(DriverCommandExecutor.java:216)
at org.openqa.selenium.remote.service.DriverCommandExecutor.execute(DriverCommandExecutor.java:174)
at org.openqa.selenium.remote.RemoteWebDriver.execute(RemoteWebDriver.java:519)
at org.openqa.selenium.remote.RemoteWebDriver.get(RemoteWebDriver.java:301)
at com.example.ZyphroaTest.openPage(ZyphroaTest.java:162)
at com.example.ZyphroaTest.TC04_LoginHTMLVisible(ZyphroaTest.java:171)
at java.base/jdk.internal.reflect.NativeMethodAccessorImpl.invoke0(Native Method)
at java.base/jdk.internal.reflect.NativeMethodAccessorImpl.invoke(NativeMethodAccessorImpl.java:77)
at java.base/jdk.internal.reflect.DelegatingMethodAccessorImpl.invoke(DelegatingMethodAccessorImpl.java:43)
at java.base/java.lang.reflect.Method.invoke(Method.java:568)
at org.testng.internal.invokers.MethodInvocationHelper.invokeMethod(MethodInvocationHelper.java:139)
at org.testng.internal.invokers.TestInvoker.invokeMethod(TestInvoker.java:664)
at org.testng.internal.invokers.TestInvoker.invokeTestMethod(TestInvoker.java:228)
at org.testng.internal.invokers.MethodRunner.runInSequence(MethodRunner.java:63)
at org.testng.internal.invokers.TestInvoker$MethodInvocationAgent.invoke(TestInvoker.java:961)
at org.testng.internal.invokers.TestInvoker.invokeTestMethods(TestInvoker.java:201)
at org.testng.internal.invokers.TestMethodWorker.invokeTestMethods(TestMethodWorker.java:148)
at org.testng.internal.invokers.TestMethodWorker.run(TestMethodWorker.java:128)
at java.base/java.util.ArrayList.forEach(ArrayList.java:1511)
at org.testng.TestRunner.privateRun(TestRunner.java:819)
at org.testng.TestRunner.run(TestRunner.java:619)
at org.testng.SuiteRunner.runTest(SuiteRunner.java:443)
at org.testng.SuiteRunner.runSequentially(SuiteRunner.java:437)
at org.testng.SuiteRunner.privateRun(SuiteRunner.java:397)
at org.testng.SuiteRunner.run(SuiteRunner.java:336)
at org.testng.SuiteRunnerWorker.runSuite(SuiteRunnerWorker.java:52)
at org.testng.SuiteRunnerWorker.run(SuiteRunnerWorker.java:95)
at org.testng.TestNG.runSuitesSequentially(TestNG.java:1301)
at org.testng.TestNG.runSuitesLocally(TestNG.java:1228)
at org.testng.TestNG.runSuites(TestNG.java:1134)
at org.testng.TestNG.run(TestNG.java:1101)
at org.apache.maven.surefire.testng.TestNGExecutor.run(TestNGExecutor.java:308)
at org.apache.maven.surefire.testng.TestNGXmlTestSuite.execute(TestNGXmlTestSuite.java:71)
at org.apache.maven.surefire.testng.TestNGProvider.invoke(TestNGProvider.java:113)
at org.apache.maven.surefire.booter.ForkedBooter.runSuitesInProcess(ForkedBooter.java:385)
at org.apache.maven.surefire.booter.ForkedBooter.execute(ForkedBooter.java:162)
at org.apache.maven.surefire.booter.ForkedBooter.run(ForkedBooter.java:507)
at org.apache.maven.surefire.booter.ForkedBooter.main(ForkedBooter.java:495)
]]>
            </full-stacktrace>
          </exception> <!-- org.openqa.selenium.WebDriverException -->
          <reporter-output>
          </reporter-output>
        </test-method> <!-- TC04_LoginHTMLVisible -->
        <test-method signature="TC05_LoginPageSourceLength()[pri:5, instance:com.example.ZyphroaTest@6fa51cd4]" started-at="2026-02-23T10:06:46 IST" name="TC05_LoginPageSourceLength" finished-at="2026-02-23T10:06:49 IST" duration-ms="3049" status="FAIL">
          <exception class="org.openqa.selenium.WebDriverException">
            <message>
              <![CDATA[unknown error: net::ERR_CONNECTION_REFUSED
  (Session info: chrome=145.0.7632.109)
Build info: version: '4.18.1', revision: 'b1d3319b48'
System info: os.name: 'Windows 10', os.arch: 'amd64', os.version: '10.0', java.version: '17.0.12'
Driver info: org.openqa.selenium.chrome.ChromeDriver
Command: [53f70a4dc486039db4d05f317698ad0d, get {url=http://127.0.0.1:5500/website/index.html}]
Capabilities {acceptInsecureCerts: false, browserName: chrome, browserVersion: 145.0.7632.109, chrome: {chromedriverVersion: 145.0.7632.77 (da516187054a..., userDataDir: C:\Windows\SystemTemp\scope...}, fedcm:accounts: true, goog:chromeOptions: {debuggerAddress: localhost:49804}, goog:processID: 8624, networkConnectionEnabled: false, pageLoadStrategy: normal, platformName: windows, proxy: Proxy(), se:cdp: ws://localhost:49804/devtoo..., se:cdpVersion: 145.0.7632.109, setWindowRect: true, strictFileInteractability: false, timeouts: {implicit: 0, pageLoad: 300000, script: 30000}, unhandledPromptBehavior: dismiss and notify, webauthn:extension:credBlob: true, webauthn:extension:largeBlob: true, webauthn:extension:minPinLength: true, webauthn:extension:prf: true, webauthn:virtualAuthenticators: true}
Session ID: 53f70a4dc486039db4d05f317698ad0d]]>
            </message>
            <full-stacktrace>
              <![CDATA[org.openqa.selenium.WebDriverException: unknown error: net::ERR_CONNECTION_REFUSED
  (Session info: chrome=145.0.7632.109)
Build info: version: '4.18.1', revision: 'b1d3319b48'
System info: os.name: 'Windows 10', os.arch: 'amd64', os.version: '10.0', java.version: '17.0.12'
Driver info: org.openqa.selenium.chrome.ChromeDriver
Command: [53f70a4dc486039db4d05f317698ad0d, get {url=http://127.0.0.1:5500/website/index.html}]
Capabilities {acceptInsecureCerts: false, browserName: chrome, browserVersion: 145.0.7632.109, chrome: {chromedriverVersion: 145.0.7632.77 (da516187054a..., userDataDir: C:\Windows\SystemTemp\scope...}, fedcm:accounts: true, goog:chromeOptions: {debuggerAddress: localhost:49804}, goog:processID: 8624, networkConnectionEnabled: false, pageLoadStrategy: normal, platformName: windows, proxy: Proxy(), se:cdp: ws://localhost:49804/devtoo..., se:cdpVersion: 145.0.7632.109, setWindowRect: true, strictFileInteractability: false, timeouts: {implicit: 0, pageLoad: 300000, script: 30000}, unhandledPromptBehavior: dismiss and notify, webauthn:extension:credBlob: true, webauthn:extension:largeBlob: true, webauthn:extension:minPinLength: true, webauthn:extension:prf: true, webauthn:virtualAuthenticators: true}
Session ID: 53f70a4dc486039db4d05f317698ad0d
at java.base/jdk.internal.reflect.NativeConstructorAccessorImpl.newInstance0(Native Method)
at java.base/jdk.internal.reflect.NativeConstructorAccessorImpl.newInstance(NativeConstructorAccessorImpl.java:77)
at java.base/jdk.internal.reflect.DelegatingConstructorAccessorImpl.newInstance(DelegatingConstructorAccessorImpl.java:45)
at java.base/java.lang.reflect.Constructor.newInstanceWithCaller(Constructor.java:499)
at java.base/java.lang.reflect.Constructor.newInstance(Constructor.java:480)
at org.openqa.selenium.remote.ErrorCodec.decode(ErrorCodec.java:167)
at org.openqa.selenium.remote.codec.w3c.W3CHttpResponseCodec.decode(W3CHttpResponseCodec.java:138)
at org.openqa.selenium.remote.codec.w3c.W3CHttpResponseCodec.decode(W3CHttpResponseCodec.java:50)
at org.openqa.selenium.remote.HttpCommandExecutor.execute(HttpCommandExecutor.java:190)
at org.openqa.selenium.remote.service.DriverCommandExecutor.invokeExecute(DriverCommandExecutor.java:216)
at org.openqa.selenium.remote.service.DriverCommandExecutor.execute(DriverCommandExecutor.java:174)
at org.openqa.selenium.remote.RemoteWebDriver.execute(RemoteWebDriver.java:519)
at org.openqa.selenium.remote.RemoteWebDriver.get(RemoteWebDriver.java:301)
at com.example.ZyphroaTest.openPage(ZyphroaTest.java:162)
at com.example.ZyphroaTest.TC05_LoginPageSourceLength(ZyphroaTest.java:172)
at java.base/jdk.internal.reflect.NativeMethodAccessorImpl.invoke0(Native Method)
at java.base/jdk.internal.reflect.NativeMethodAccessorImpl.invoke(NativeMethodAccessorImpl.java:77)
at java.base/jdk.internal.reflect.DelegatingMethodAccessorImpl.invoke(DelegatingMethodAccessorImpl.java:43)
at java.base/java.lang.reflect.Method.invoke(Method.java:568)
at org.testng.internal.invokers.MethodInvocationHelper.invokeMethod(MethodInvocationHelper.java:139)
at org.testng.internal.invokers.TestInvoker.invokeMethod(TestInvoker.java:664)
at org.testng.internal.invokers.TestInvoker.invokeTestMethod(TestInvoker.java:228)
at org.testng.internal.invokers.MethodRunner.runInSequence(MethodRunner.java:63)
at org.testng.internal.invokers.TestInvoker$MethodInvocationAgent.invoke(TestInvoker.java:961)
at org.testng.internal.invokers.TestInvoker.invokeTestMethods(TestInvoker.java:201)
at org.testng.internal.invokers.TestMethodWorker.invokeTestMethods(TestMethodWorker.java:148)
at org.testng.internal.invokers.TestMethodWorker.run(TestMethodWorker.java:128)
at java.base/java.util.ArrayList.forEach(ArrayList.java:1511)
at org.testng.TestRunner.privateRun(TestRunner.java:819)
at org.testng.TestRunner.run(TestRunner.java:619)
at org.testng.SuiteRunner.runTest(SuiteRunner.java:443)
at org.testng.SuiteRunner.runSequentially(SuiteRunner.java:437)
at org.testng.SuiteRunner.privateRun(SuiteRunner.java:397)
at org.testng.SuiteRunner.run(SuiteRunner.java:336)
at org.testng.SuiteRunnerWorker.runSuite(SuiteRunnerWorker.java:52)
at org.testng.SuiteRunnerWorker.run(SuiteRunnerWorker.java:95)
at org.testng.TestNG.runSuitesSequentially(TestNG.java:1301)
at org.testng.TestNG.runSuitesLocally(TestNG.java:1228)
at org.testng.TestNG.runSuites(TestNG.java:1134)
at org.testng.TestNG.run(TestNG.java:1101)
at org.apache.maven.surefire.testng.TestNGExecutor.run(TestNGExecutor.java:308)
at org.apache.maven.surefire.testng.TestNGXmlTestSuite.execute(TestNGXmlTestSuite.java:71)
at org.apache.maven.surefire.testng.TestNGProvider.invoke(TestNGProvider.java:113)
at org.apache.maven.surefire.booter.ForkedBooter.runSuitesInProcess(ForkedBooter.java:385)
at org.apache.maven.surefire.booter.ForkedBooter.execute(ForkedBooter.java:162)
at org.apache.maven.surefire.booter.ForkedBooter.run(ForkedBooter.java:507)
at org.apache.maven.surefire.booter.ForkedBooter.main(ForkedBooter.java:495)
]]>
            </full-stacktrace>
          </exception> <!-- org.openqa.selenium.WebDriverException -->
          <reporter-output>
          </reporter-output>
        </test-method> <!-- TC05_LoginPageSourceLength -->
        <test-method signature="TC06_LoginRefresh()[pri:6, instance:com.example.ZyphroaTest@6fa51cd4]" started-at="2026-02-23T10:06:49 IST" name="TC06_LoginRefresh" finished-at="2026-02-23T10:06:52 IST" duration-ms="3222" status="FAIL">
          <exception class="org.openqa.selenium.WebDriverException">
            <message>
              <![CDATA[unknown error: net::ERR_CONNECTION_REFUSED
  (Session info: chrome=145.0.7632.109)
Build info: version: '4.18.1', revision: 'b1d3319b48'
System info: os.name: 'Windows 10', os.arch: 'amd64', os.version: '10.0', java.version: '17.0.12'
Driver info: org.openqa.selenium.chrome.ChromeDriver
Command: [53f70a4dc486039db4d05f317698ad0d, get {url=http://127.0.0.1:5500/website/index.html}]
Capabilities {acceptInsecureCerts: false, browserName: chrome, browserVersion: 145.0.7632.109, chrome: {chromedriverVersion: 145.0.7632.77 (da516187054a..., userDataDir: C:\Windows\SystemTemp\scope...}, fedcm:accounts: true, goog:chromeOptions: {debuggerAddress: localhost:49804}, goog:processID: 8624, networkConnectionEnabled: false, pageLoadStrategy: normal, platformName: windows, proxy: Proxy(), se:cdp: ws://localhost:49804/devtoo..., se:cdpVersion: 145.0.7632.109, setWindowRect: true, strictFileInteractability: false, timeouts: {implicit: 0, pageLoad: 300000, script: 30000}, unhandledPromptBehavior: dismiss and notify, webauthn:extension:credBlob: true, webauthn:extension:largeBlob: true, webauthn:extension:minPinLength: true, webauthn:extension:prf: true, webauthn:virtualAuthenticators: true}
Session ID: 53f70a4dc486039db4d05f317698ad0d]]>
            </message>
            <full-stacktrace>
              <![CDATA[org.openqa.selenium.WebDriverException: unknown error: net::ERR_CONNECTION_REFUSED
  (Session info: chrome=145.0.7632.109)
Build info: version: '4.18.1', revision: 'b1d3319b48'
System info: os.name: 'Windows 10', os.arch: 'amd64', os.version: '10.0', java.version: '17.0.12'
Driver info: org.openqa.selenium.chrome.ChromeDriver
Command: [53f70a4dc486039db4d05f317698ad0d, get {url=http://127.0.0.1:5500/website/index.html}]
Capabilities {acceptInsecureCerts: false, browserName: chrome, browserVersion: 145.0.7632.109, chrome: {chromedriverVersion: 145.0.7632.77 (da516187054a..., userDataDir: C:\Windows\SystemTemp\scope...}, fedcm:accounts: true, goog:chromeOptions: {debuggerAddress: localhost:49804}, goog:processID: 8624, networkConnectionEnabled: false, pageLoadStrategy: normal, platformName: windows, proxy: Proxy(), se:cdp: ws://localhost:49804/devtoo..., se:cdpVersion: 145.0.7632.109, setWindowRect: true, strictFileInteractability: false, timeouts: {implicit: 0, pageLoad: 300000, script: 30000}, unhandledPromptBehavior: dismiss and notify, webauthn:extension:credBlob: true, webauthn:extension:largeBlob: true, webauthn:extension:minPinLength: true, webauthn:extension:prf: true, webauthn:virtualAuthenticators: true}
Session ID: 53f70a4dc486039db4d05f317698ad0d
at java.base/jdk.internal.reflect.NativeConstructorAccessorImpl.newInstance0(Native Method)
at java.base/jdk.internal.reflect.NativeConstructorAccessorImpl.newInstance(NativeConstructorAccessorImpl.java:77)
at java.base/jdk.internal.reflect.DelegatingConstructorAccessorImpl.newInstance(DelegatingConstructorAccessorImpl.java:45)
at java.base/java.lang.reflect.Constructor.newInstanceWithCaller(Constructor.java:499)
at java.base/java.lang.reflect.Constructor.newInstance(Constructor.java:480)
at org.openqa.selenium.remote.ErrorCodec.decode(ErrorCodec.java:167)
at org.openqa.selenium.remote.codec.w3c.W3CHttpResponseCodec.decode(W3CHttpResponseCodec.java:138)
at org.openqa.selenium.remote.codec.w3c.W3CHttpResponseCodec.decode(W3CHttpResponseCodec.java:50)
at org.openqa.selenium.remote.HttpCommandExecutor.execute(HttpCommandExecutor.java:190)
at org.openqa.selenium.remote.service.DriverCommandExecutor.invokeExecute(DriverCommandExecutor.java:216)
at org.openqa.selenium.remote.service.DriverCommandExecutor.execute(DriverCommandExecutor.java:174)
at org.openqa.selenium.remote.RemoteWebDriver.execute(RemoteWebDriver.java:519)
at org.openqa.selenium.remote.RemoteWebDriver.get(RemoteWebDriver.java:301)
at com.example.ZyphroaTest.openPage(ZyphroaTest.java:162)
at com.example.ZyphroaTest.TC06_LoginRefresh(ZyphroaTest.java:173)
at java.base/jdk.internal.reflect.NativeMethodAccessorImpl.invoke0(Native Method)
at java.base/jdk.internal.reflect.NativeMethodAccessorImpl.invoke(NativeMethodAccessorImpl.java:77)
at java.base/jdk.internal.reflect.DelegatingMethodAccessorImpl.invoke(DelegatingMethodAccessorImpl.java:43)
at java.base/java.lang.reflect.Method.invoke(Method.java:568)
at org.testng.internal.invokers.MethodInvocationHelper.invokeMethod(MethodInvocationHelper.java:139)
at org.testng.internal.invokers.TestInvoker.invokeMethod(TestInvoker.java:664)
at org.testng.internal.invokers.TestInvoker.invokeTestMethod(TestInvoker.java:228)
at org.testng.internal.invokers.MethodRunner.runInSequence(MethodRunner.java:63)
at org.testng.internal.invokers.TestInvoker$MethodInvocationAgent.invoke(TestInvoker.java:961)
at org.testng.internal.invokers.TestInvoker.invokeTestMethods(TestInvoker.java:201)
at org.testng.internal.invokers.TestMethodWorker.invokeTestMethods(TestMethodWorker.java:148)
at org.testng.internal.invokers.TestMethodWorker.run(TestMethodWorker.java:128)
at java.base/java.util.ArrayList.forEach(ArrayList.java:1511)
at org.testng.TestRunner.privateRun(TestRunner.java:819)
at org.testng.TestRunner.run(TestRunner.java:619)
at org.testng.SuiteRunner.runTest(SuiteRunner.java:443)
at org.testng.SuiteRunner.runSequentially(SuiteRunner.java:437)
at org.testng.SuiteRunner.privateRun(SuiteRunner.java:397)
at org.testng.SuiteRunner.run(SuiteRunner.java:336)
at org.testng.SuiteRunnerWorker.runSuite(SuiteRunnerWorker.java:52)
at org.testng.SuiteRunnerWorker.run(SuiteRunnerWorker.java:95)
at org.testng.TestNG.runSuitesSequentially(TestNG.java:1301)
at org.testng.TestNG.runSuitesLocally(TestNG.java:1228)
at org.testng.TestNG.runSuites(TestNG.java:1134)
at org.testng.TestNG.run(TestNG.java:1101)
at org.apache.maven.surefire.testng.TestNGExecutor.run(TestNGExecutor.java:308)
at org.apache.maven.surefire.testng.TestNGXmlTestSuite.execute(TestNGXmlTestSuite.java:71)
at org.apache.maven.surefire.testng.TestNGProvider.invoke(TestNGProvider.java:113)
at org.apache.maven.surefire.booter.ForkedBooter.runSuitesInProcess(ForkedBooter.java:385)
at org.apache.maven.surefire.booter.ForkedBooter.execute(ForkedBooter.java:162)
at org.apache.maven.surefire.booter.ForkedBooter.run(ForkedBooter.java:507)
at org.apache.maven.surefire.booter.ForkedBooter.main(ForkedBooter.java:495)
]]>
            </full-stacktrace>
          </exception> <!-- org.openqa.selenium.WebDriverException -->
          <reporter-output>
          </reporter-output>
        </test-method> <!-- TC06_LoginRefresh -->
        <test-method signature="TC07_LoginBackForward()[pri:7, instance:com.example.ZyphroaTest@6fa51cd4]" started-at="2026-02-23T10:06:52 IST" name="TC07_LoginBackForward" finished-at="2026-02-23T10:06:55 IST" duration-ms="2091" status="FAIL">
          <exception class="org.openqa.selenium.WebDriverException">
            <message>
              <![CDATA[unknown error: net::ERR_CONNECTION_REFUSED
  (Session info: chrome=145.0.7632.109)
Build info: version: '4.18.1', revision: 'b1d3319b48'
System info: os.name: 'Windows 10', os.arch: 'amd64', os.version: '10.0', java.version: '17.0.12'
Driver info: org.openqa.selenium.chrome.ChromeDriver
Command: [53f70a4dc486039db4d05f317698ad0d, get {url=http://127.0.0.1:5500/website/index.html}]
Capabilities {acceptInsecureCerts: false, browserName: chrome, browserVersion: 145.0.7632.109, chrome: {chromedriverVersion: 145.0.7632.77 (da516187054a..., userDataDir: C:\Windows\SystemTemp\scope...}, fedcm:accounts: true, goog:chromeOptions: {debuggerAddress: localhost:49804}, goog:processID: 8624, networkConnectionEnabled: false, pageLoadStrategy: normal, platformName: windows, proxy: Proxy(), se:cdp: ws://localhost:49804/devtoo..., se:cdpVersion: 145.0.7632.109, setWindowRect: true, strictFileInteractability: false, timeouts: {implicit: 0, pageLoad: 300000, script: 30000}, unhandledPromptBehavior: dismiss and notify, webauthn:extension:credBlob: true, webauthn:extension:largeBlob: true, webauthn:extension:minPinLength: true, webauthn:extension:prf: true, webauthn:virtualAuthenticators: true}
Session ID: 53f70a4dc486039db4d05f317698ad0d]]>
            </message>
            <full-stacktrace>
              <![CDATA[org.openqa.selenium.WebDriverException: unknown error: net::ERR_CONNECTION_REFUSED
  (Session info: chrome=145.0.7632.109)
Build info: version: '4.18.1', revision: 'b1d3319b48'
System info: os.name: 'Windows 10', os.arch: 'amd64', os.version: '10.0', java.version: '17.0.12'
Driver info: org.openqa.selenium.chrome.ChromeDriver
Command: [53f70a4dc486039db4d05f317698ad0d, get {url=http://127.0.0.1:5500/website/index.html}]
Capabilities {acceptInsecureCerts: false, browserName: chrome, browserVersion: 145.0.7632.109, chrome: {chromedriverVersion: 145.0.7632.77 (da516187054a..., userDataDir: C:\Windows\SystemTemp\scope...}, fedcm:accounts: true, goog:chromeOptions: {debuggerAddress: localhost:49804}, goog:processID: 8624, networkConnectionEnabled: false, pageLoadStrategy: normal, platformName: windows, proxy: Proxy(), se:cdp: ws://localhost:49804/devtoo..., se:cdpVersion: 145.0.7632.109, setWindowRect: true, strictFileInteractability: false, timeouts: {implicit: 0, pageLoad: 300000, script: 30000}, unhandledPromptBehavior: dismiss and notify, webauthn:extension:credBlob: true, webauthn:extension:largeBlob: true, webauthn:extension:minPinLength: true, webauthn:extension:prf: true, webauthn:virtualAuthenticators: true}
Session ID: 53f70a4dc486039db4d05f317698ad0d
at java.base/jdk.internal.reflect.NativeConstructorAccessorImpl.newInstance0(Native Method)
at java.base/jdk.internal.reflect.NativeConstructorAccessorImpl.newInstance(NativeConstructorAccessorImpl.java:77)
at java.base/jdk.internal.reflect.DelegatingConstructorAccessorImpl.newInstance(DelegatingConstructorAccessorImpl.java:45)
at java.base/java.lang.reflect.Constructor.newInstanceWithCaller(Constructor.java:499)
at java.base/java.lang.reflect.Constructor.newInstance(Constructor.java:480)
at org.openqa.selenium.remote.ErrorCodec.decode(ErrorCodec.java:167)
at org.openqa.selenium.remote.codec.w3c.W3CHttpResponseCodec.decode(W3CHttpResponseCodec.java:138)
at org.openqa.selenium.remote.codec.w3c.W3CHttpResponseCodec.decode(W3CHttpResponseCodec.java:50)
at org.openqa.selenium.remote.HttpCommandExecutor.execute(HttpCommandExecutor.java:190)
at org.openqa.selenium.remote.service.DriverCommandExecutor.invokeExecute(DriverCommandExecutor.java:216)
at org.openqa.selenium.remote.service.DriverCommandExecutor.execute(DriverCommandExecutor.java:174)
at org.openqa.selenium.remote.RemoteWebDriver.execute(RemoteWebDriver.java:519)
at org.openqa.selenium.remote.RemoteWebDriver.get(RemoteWebDriver.java:301)
at com.example.ZyphroaTest.openPage(ZyphroaTest.java:162)
at com.example.ZyphroaTest.TC07_LoginBackForward(ZyphroaTest.java:174)
at java.base/jdk.internal.reflect.NativeMethodAccessorImpl.invoke0(Native Method)
at java.base/jdk.internal.reflect.NativeMethodAccessorImpl.invoke(NativeMethodAccessorImpl.java:77)
at java.base/jdk.internal.reflect.DelegatingMethodAccessorImpl.invoke(DelegatingMethodAccessorImpl.java:43)
at java.base/java.lang.reflect.Method.invoke(Method.java:568)
at org.testng.internal.invokers.MethodInvocationHelper.invokeMethod(MethodInvocationHelper.java:139)
at org.testng.internal.invokers.TestInvoker.invokeMethod(TestInvoker.java:664)
at org.testng.internal.invokers.TestInvoker.invokeTestMethod(TestInvoker.java:228)
at org.testng.internal.invokers.MethodRunner.runInSequence(MethodRunner.java:63)
at org.testng.internal.invokers.TestInvoker$MethodInvocationAgent.invoke(TestInvoker.java:961)
at org.testng.internal.invokers.TestInvoker.invokeTestMethods(TestInvoker.java:201)
at org.testng.internal.invokers.TestMethodWorker.invokeTestMethods(TestMethodWorker.java:148)
at org.testng.internal.invokers.TestMethodWorker.run(TestMethodWorker.java:128)
at java.base/java.util.ArrayList.forEach(ArrayList.java:1511)
at org.testng.TestRunner.privateRun(TestRunner.java:819)
at org.testng.TestRunner.run(TestRunner.java:619)
at org.testng.SuiteRunner.runTest(SuiteRunner.java:443)
at org.testng.SuiteRunner.runSequentially(SuiteRunner.java:437)
at org.testng.SuiteRunner.privateRun(SuiteRunner.java:397)
at org.testng.SuiteRunner.run(SuiteRunner.java:336)
at org.testng.SuiteRunnerWorker.runSuite(SuiteRunnerWorker.java:52)
at org.testng.SuiteRunnerWorker.run(SuiteRunnerWorker.java:95)
at org.testng.TestNG.runSuitesSequentially(TestNG.java:1301)
at org.testng.TestNG.runSuitesLocally(TestNG.java:1228)
at org.testng.TestNG.runSuites(TestNG.java:1134)
at org.testng.TestNG.run(TestNG.java:1101)
at org.apache.maven.surefire.testng.TestNGExecutor.run(TestNGExecutor.java:308)
at org.apache.maven.surefire.testng.TestNGXmlTestSuite.execute(TestNGXmlTestSuite.java:71)
at org.apache.maven.surefire.testng.TestNGProvider.invoke(TestNGProvider.java:113)
at org.apache.maven.surefire.booter.ForkedBooter.runSuitesInProcess(ForkedBooter.java:385)
at org.apache.maven.surefire.booter.ForkedBooter.execute(ForkedBooter.java:162)
at org.apache.maven.surefire.booter.ForkedBooter.run(ForkedBooter.java:507)
at org.apache.maven.surefire.booter.ForkedBooter.main(ForkedBooter.java:495)
]]>
            </full-stacktrace>
          </exception> <!-- org.openqa.selenium.WebDriverException -->
          <reporter-output>
          </reporter-output>
        </test-method> <!-- TC07_LoginBackForward -->
        <test-method signature="TC08_LoginJSExecution()[pri:8, instance:com.example.ZyphroaTest@6fa51cd4]" started-at="2026-02-23T10:06:55 IST" name="TC08_LoginJSExecution" finished-at="2026-02-23T10:06:55 IST" duration-ms="16" status="PASS">
          <reporter-output>
          </reporter-output>
        </test-method> <!-- TC08_LoginJSExecution -->
        <test-method signature="TC09_LoginWindowHeight()[pri:9, instance:com.example.ZyphroaTest@6fa51cd4]" started-at="2026-02-23T10:06:55 IST" name="TC09_LoginWindowHeight" finished-at="2026-02-23T10:06:55 IST" duration-ms="11" status="PASS">
          <reporter-output>
          </reporter-output>
        </test-method> <!-- TC09_LoginWindowHeight -->
        <test-method signature="TC10_LoginDriverNotNull()[pri:10, instance:com.example.ZyphroaTest@6fa51cd4]" started-at="2026-02-23T10:06:55 IST" name="TC10_LoginDriverNotNull" finished-at="2026-02-23T10:06:55 IST" duration-ms="2" status="PASS">
          <reporter-output>
          </reporter-output>
        </test-method> <!-- TC10_LoginDriverNotNull -->
        <test-method signature="TC11_HomeUrlContains()[pri:11, instance:com.example.ZyphroaTest@6fa51cd4]" started-at="2026-02-23T10:06:55 IST" name="TC11_HomeUrlContains" finished-at="2026-02-23T10:06:58 IST" duration-ms="3869" status="PASS">
          <reporter-output>
          </reporter-output>
        </test-method> <!-- TC11_HomeUrlContains -->
        <test-method signature="TC12_HomeTitleExists()[pri:12, instance:com.example.ZyphroaTest@6fa51cd4]" started-at="2026-02-23T10:06:58 IST" name="TC12_HomeTitleExists" finished-at="2026-02-23T10:06:59 IST" duration-ms="219" status="PASS">
          <reporter-output>
          </reporter-output>
        </test-method> <!-- TC12_HomeTitleExists -->
        <test-method signature="TC13_HomeBodyVisible()[pri:13, instance:com.example.ZyphroaTest@6fa51cd4]" started-at="2026-02-23T10:06:59 IST" name="TC13_HomeBodyVisible" finished-at="2026-02-23T10:06:59 IST" duration-ms="348" status="PASS">
          <reporter-output>
          </reporter-output>
        </test-method> <!-- TC13_HomeBodyVisible -->
        <test-method signature="TC14_HomePageSource()[pri:14, instance:com.example.ZyphroaTest@6fa51cd4]" started-at="2026-02-23T10:06:59 IST" name="TC14_HomePageSource" finished-at="2026-02-23T10:06:59 IST" duration-ms="247" status="PASS">
          <reporter-output>
          </reporter-output>
        </test-method> <!-- TC14_HomePageSource -->
        <test-method signature="TC15_HomeRefresh()[pri:15, instance:com.example.ZyphroaTest@6fa51cd4]" started-at="2026-02-23T10:06:59 IST" name="TC15_HomeRefresh" finished-at="2026-02-23T10:07:00 IST" duration-ms="258" status="PASS">
          <reporter-output>
          </reporter-output>
        </test-method> <!-- TC15_HomeRefresh -->
        <test-method signature="TC16_HomeScrollDown()[pri:16, instance:com.example.ZyphroaTest@6fa51cd4]" started-at="2026-02-23T10:07:00 IST" name="TC16_HomeScrollDown" finished-at="2026-02-23T10:07:00 IST" duration-ms="232" status="PASS">
          <reporter-output>
          </reporter-output>
        </test-method> <!-- TC16_HomeScrollDown -->
        <test-method signature="TC17_HomeScrollTop()[pri:17, instance:com.example.ZyphroaTest@6fa51cd4]" started-at="2026-02-23T10:07:00 IST" name="TC17_HomeScrollTop" finished-at="2026-02-23T10:07:00 IST" duration-ms="190" status="PASS">
          <reporter-output>
          </reporter-output>
        </test-method> <!-- TC17_HomeScrollTop -->
        <test-method signature="TC18_HomeReadyState()[pri:18, instance:com.example.ZyphroaTest@6fa51cd4]" started-at="2026-02-23T10:07:00 IST" name="TC18_HomeReadyState" finished-at="2026-02-23T10:07:00 IST" duration-ms="244" status="PASS">
          <reporter-output>
          </reporter-output>
        </test-method> <!-- TC18_HomeReadyState -->
        <test-method signature="TC19_HomeJSBoolean()[pri:19, instance:com.example.ZyphroaTest@6fa51cd4]" started-at="2026-02-23T10:07:00 IST" name="TC19_HomeJSBoolean" finished-at="2026-02-23T10:07:01 IST" duration-ms="208" status="PASS">
          <reporter-output>
          </reporter-output>
        </test-method> <!-- TC19_HomeJSBoolean -->
        <test-method signature="TC20_HomeJSString()[pri:20, instance:com.example.ZyphroaTest@6fa51cd4]" started-at="2026-02-23T10:07:01 IST" name="TC20_HomeJSString" finished-at="2026-02-23T10:07:01 IST" duration-ms="214" status="PASS">
          <reporter-output>
          </reporter-output>
        </test-method> <!-- TC20_HomeJSString -->
        <test-method signature="TC21_HomeBackNav()[pri:21, instance:com.example.ZyphroaTest@6fa51cd4]" started-at="2026-02-23T10:07:01 IST" name="TC21_HomeBackNav" finished-at="2026-02-23T10:07:02 IST" duration-ms="828" status="PASS">
          <reporter-output>
          </reporter-output>
        </test-method> <!-- TC21_HomeBackNav -->
        <test-method signature="TC22_HomeForwardNav()[pri:22, instance:com.example.ZyphroaTest@6fa51cd4]" started-at="2026-02-23T10:07:02 IST" name="TC22_HomeForwardNav" finished-at="2026-02-23T10:07:02 IST" duration-ms="347" status="PASS">
          <reporter-output>
          </reporter-output>
        </test-method> <!-- TC22_HomeForwardNav -->
        <test-method signature="TC23_HomePageLength()[pri:23, instance:com.example.ZyphroaTest@6fa51cd4]" started-at="2026-02-23T10:07:02 IST" name="TC23_HomePageLength" finished-at="2026-02-23T10:07:02 IST" duration-ms="198" status="PASS">
          <reporter-output>
          </reporter-output>
        </test-method> <!-- TC23_HomePageLength -->
        <test-method signature="TC24_HomeURLExact()[pri:24, instance:com.example.ZyphroaTest@6fa51cd4]" started-at="2026-02-23T10:07:02 IST" name="TC24_HomeURLExact" finished-at="2026-02-23T10:07:03 IST" duration-ms="315" status="PASS">
          <reporter-output>
          </reporter-output>
        </test-method> <!-- TC24_HomeURLExact -->
        <test-method signature="TC25_HomeWindowWidth()[pri:25, instance:com.example.ZyphroaTest@6fa51cd4]" started-at="2026-02-23T10:07:03 IST" name="TC25_HomeWindowWidth" finished-at="2026-02-23T10:07:03 IST" duration-ms="19" status="PASS">
          <reporter-output>
          </reporter-output>
        </test-method> <!-- TC25_HomeWindowWidth -->
        <test-method signature="TC26_CartUrl()[pri:26, instance:com.example.ZyphroaTest@6fa51cd4]" started-at="2026-02-23T10:07:03 IST" name="TC26_CartUrl" finished-at="2026-02-23T10:07:03 IST" duration-ms="448" status="PASS">
          <reporter-output>
          </reporter-output>
        </test-method> <!-- TC26_CartUrl -->
        <test-method signature="TC27_CartTitle()[pri:27, instance:com.example.ZyphroaTest@6fa51cd4]" started-at="2026-02-23T10:07:03 IST" name="TC27_CartTitle" finished-at="2026-02-23T10:07:03 IST" duration-ms="330" status="PASS">
          <reporter-output>
          </reporter-output>
        </test-method> <!-- TC27_CartTitle -->
        <test-method signature="TC28_CartBodyVisible()[pri:28, instance:com.example.ZyphroaTest@6fa51cd4]" started-at="2026-02-23T10:07:03 IST" name="TC28_CartBodyVisible" finished-at="2026-02-23T10:07:04 IST" duration-ms="243" status="PASS">
          <reporter-output>
          </reporter-output>
        </test-method> <!-- TC28_CartBodyVisible -->
        <test-method signature="TC29_CartRefresh()[pri:29, instance:com.example.ZyphroaTest@6fa51cd4]" started-at="2026-02-23T10:07:04 IST" name="TC29_CartRefresh" finished-at="2026-02-23T10:07:04 IST" duration-ms="747" status="PASS">
          <reporter-output>
          </reporter-output>
        </test-method> <!-- TC29_CartRefresh -->
        <test-method signature="TC30_CartPageLength()[pri:30, instance:com.example.ZyphroaTest@6fa51cd4]" started-at="2026-02-23T10:07:04 IST" name="TC30_CartPageLength" finished-at="2026-02-23T10:07:04 IST" duration-ms="172" status="PASS">
          <reporter-output>
          </reporter-output>
        </test-method> <!-- TC30_CartPageLength -->
        <test-method signature="TC31_CartJSCalc()[pri:31, instance:com.example.ZyphroaTest@6fa51cd4]" started-at="2026-02-23T10:07:05 IST" name="TC31_CartJSCalc" finished-at="2026-02-23T10:07:05 IST" duration-ms="185" status="PASS">
          <reporter-output>
          </reporter-output>
        </test-method> <!-- TC31_CartJSCalc -->
        <test-method signature="TC32_CartScroll()[pri:32, instance:com.example.ZyphroaTest@6fa51cd4]" started-at="2026-02-23T10:07:05 IST" name="TC32_CartScroll" finished-at="2026-02-23T10:07:05 IST" duration-ms="186" status="PASS">
          <reporter-output>
          </reporter-output>
        </test-method> <!-- TC32_CartScroll -->
        <test-method signature="TC33_CartScrollTop()[pri:33, instance:com.example.ZyphroaTest@6fa51cd4]" started-at="2026-02-23T10:07:05 IST" name="TC33_CartScrollTop" finished-at="2026-02-23T10:07:05 IST" duration-ms="221" status="PASS">
          <reporter-output>
          </reporter-output>
        </test-method> <!-- TC33_CartScrollTop -->
        <test-method signature="TC34_CartBackForward()[pri:34, instance:com.example.ZyphroaTest@6fa51cd4]" started-at="2026-02-23T10:07:05 IST" name="TC34_CartBackForward" finished-at="2026-02-23T10:07:05 IST" duration-ms="325" status="PASS">
          <reporter-output>
          </reporter-output>
        </test-method> <!-- TC34_CartBackForward -->
        <test-method signature="TC35_CartReadyState()[pri:35, instance:com.example.ZyphroaTest@6fa51cd4]" started-at="2026-02-23T10:07:05 IST" name="TC35_CartReadyState" finished-at="2026-02-23T10:07:06 IST" duration-ms="195" status="PASS">
          <reporter-output>
          </reporter-output>
        </test-method> <!-- TC35_CartReadyState -->
        <test-method signature="TC36_CartURLExact()[pri:36, instance:com.example.ZyphroaTest@6fa51cd4]" started-at="2026-02-23T10:07:06 IST" name="TC36_CartURLExact" finished-at="2026-02-23T10:07:06 IST" duration-ms="219" status="PASS">
          <reporter-output>
          </reporter-output>
        </test-method> <!-- TC36_CartURLExact -->
        <test-method signature="TC37_CartPageSourceContainsHTML()[pri:37, instance:com.example.ZyphroaTest@6fa51cd4]" started-at="2026-02-23T10:07:06 IST" name="TC37_CartPageSourceContainsHTML" finished-at="2026-02-23T10:07:06 IST" duration-ms="200" status="PASS">
          <reporter-output>
          </reporter-output>
        </test-method> <!-- TC37_CartPageSourceContainsHTML -->
        <test-method signature="TC38_CartWindowHeight()[pri:38, instance:com.example.ZyphroaTest@6fa51cd4]" started-at="2026-02-23T10:07:06 IST" name="TC38_CartWindowHeight" finished-at="2026-02-23T10:07:06 IST" duration-ms="7" status="PASS">
          <reporter-output>
          </reporter-output>
        </test-method> <!-- TC38_CartWindowHeight -->
        <test-method signature="TC39_CartDriverActive()[pri:39, instance:com.example.ZyphroaTest@6fa51cd4]" started-at="2026-02-23T10:07:06 IST" name="TC39_CartDriverActive" finished-at="2026-02-23T10:07:06 IST" duration-ms="1" status="PASS">
          <reporter-output>
          </reporter-output>
        </test-method> <!-- TC39_CartDriverActive -->
        <test-method signature="TC40_CartJSBoolean()[pri:40, instance:com.example.ZyphroaTest@6fa51cd4]" started-at="2026-02-23T10:07:06 IST" name="TC40_CartJSBoolean" finished-at="2026-02-23T10:07:06 IST" duration-ms="266" status="PASS">
          <reporter-output>
          </reporter-output>
        </test-method> <!-- TC40_CartJSBoolean -->
        <test-method signature="TC41_CheckoutUrl()[pri:41, instance:com.example.ZyphroaTest@6fa51cd4]" started-at="2026-02-23T10:07:06 IST" name="TC41_CheckoutUrl" finished-at="2026-02-23T10:07:07 IST" duration-ms="727" status="PASS">
          <reporter-output>
          </reporter-output>
        </test-method> <!-- TC41_CheckoutUrl -->
        <test-method signature="TC42_CheckoutTitle()[pri:42, instance:com.example.ZyphroaTest@6fa51cd4]" started-at="2026-02-23T10:07:07 IST" name="TC42_CheckoutTitle" finished-at="2026-02-23T10:07:07 IST" duration-ms="190" status="PASS">
          <reporter-output>
          </reporter-output>
        </test-method> <!-- TC42_CheckoutTitle -->
        <test-method signature="TC43_CheckoutBody()[pri:43, instance:com.example.ZyphroaTest@6fa51cd4]" started-at="2026-02-23T10:07:07 IST" name="TC43_CheckoutBody" finished-at="2026-02-23T10:07:08 IST" duration-ms="217" status="PASS">
          <reporter-output>
          </reporter-output>
        </test-method> <!-- TC43_CheckoutBody -->
        <test-method signature="TC44_CheckoutRefresh()[pri:44, instance:com.example.ZyphroaTest@6fa51cd4]" started-at="2026-02-23T10:07:08 IST" name="TC44_CheckoutRefresh" finished-at="2026-02-23T10:07:08 IST" duration-ms="317" status="PASS">
          <reporter-output>
          </reporter-output>
        </test-method> <!-- TC44_CheckoutRefresh -->
        <test-method signature="TC45_CheckoutScroll()[pri:45, instance:com.example.ZyphroaTest@6fa51cd4]" started-at="2026-02-23T10:07:08 IST" name="TC45_CheckoutScroll" finished-at="2026-02-23T10:07:08 IST" duration-ms="189" status="PASS">
          <reporter-output>
          </reporter-output>
        </test-method> <!-- TC45_CheckoutScroll -->
        <test-method signature="TC46_CheckoutReadyState()[pri:46, instance:com.example.ZyphroaTest@6fa51cd4]" started-at="2026-02-23T10:07:08 IST" name="TC46_CheckoutReadyState" finished-at="2026-02-23T10:07:08 IST" duration-ms="206" status="PASS">
          <reporter-output>
          </reporter-output>
        </test-method> <!-- TC46_CheckoutReadyState -->
        <test-method signature="TC47_CheckoutJSNumber()[pri:47, instance:com.example.ZyphroaTest@6fa51cd4]" started-at="2026-02-23T10:07:08 IST" name="TC47_CheckoutJSNumber" finished-at="2026-02-23T10:07:09 IST" duration-ms="719" status="PASS">
          <reporter-output>
          </reporter-output>
        </test-method> <!-- TC47_CheckoutJSNumber -->
        <test-method signature="TC48_CheckoutURLExact()[pri:48, instance:com.example.ZyphroaTest@6fa51cd4]" started-at="2026-02-23T10:07:09 IST" name="TC48_CheckoutURLExact" finished-at="2026-02-23T10:07:09 IST" duration-ms="195" status="PASS">
          <reporter-output>
          </reporter-output>
        </test-method> <!-- TC48_CheckoutURLExact -->
        <test-method signature="TC49_CheckoutPageSource()[pri:49, instance:com.example.ZyphroaTest@6fa51cd4]" started-at="2026-02-23T10:07:09 IST" name="TC49_CheckoutPageSource" finished-at="2026-02-23T10:07:09 IST" duration-ms="217" status="PASS">
          <reporter-output>
          </reporter-output>
        </test-method> <!-- TC49_CheckoutPageSource -->
        <test-method signature="TC50_CheckoutBackForward()[pri:50, instance:com.example.ZyphroaTest@6fa51cd4]" started-at="2026-02-23T10:07:09 IST" name="TC50_CheckoutBackForward" finished-at="2026-02-23T10:07:10 IST" duration-ms="338" status="PASS">
          <reporter-output>
          </reporter-output>
        </test-method> <!-- TC50_CheckoutBackForward -->
        <test-method signature="TC51_CheckoutHTMLTag()[pri:51, instance:com.example.ZyphroaTest@6fa51cd4]" started-at="2026-02-23T10:07:10 IST" name="TC51_CheckoutHTMLTag" finished-at="2026-02-23T10:07:10 IST" duration-ms="243" status="PASS">
          <reporter-output>
          </reporter-output>
        </test-method> <!-- TC51_CheckoutHTMLTag -->
        <test-method signature="TC52_CheckoutJSString()[pri:52, instance:com.example.ZyphroaTest@6fa51cd4]" started-at="2026-02-23T10:07:10 IST" name="TC52_CheckoutJSString" finished-at="2026-02-23T10:07:10 IST" duration-ms="182" status="PASS">
          <reporter-output>
          </reporter-output>
        </test-method> <!-- TC52_CheckoutJSString -->
        <test-method signature="TC53_CheckoutWindowWidth()[pri:53, instance:com.example.ZyphroaTest@6fa51cd4]" started-at="2026-02-23T10:07:10 IST" name="TC53_CheckoutWindowWidth" finished-at="2026-02-23T10:07:10 IST" duration-ms="20" status="PASS">
          <reporter-output>
          </reporter-output>
        </test-method> <!-- TC53_CheckoutWindowWidth -->
        <test-method signature="TC54_CheckoutDriverNotNull()[pri:54, instance:com.example.ZyphroaTest@6fa51cd4]" started-at="2026-02-23T10:07:10 IST" name="TC54_CheckoutDriverNotNull" finished-at="2026-02-23T10:07:10 IST" duration-ms="1" status="PASS">
          <reporter-output>
          </reporter-output>
        </test-method> <!-- TC54_CheckoutDriverNotNull -->
        <test-method signature="TC55_CheckoutTitleLength()[pri:55, instance:com.example.ZyphroaTest@6fa51cd4]" started-at="2026-02-23T10:07:10 IST" name="TC55_CheckoutTitleLength" finished-at="2026-02-23T10:07:11 IST" duration-ms="267" status="PASS">
          <reporter-output>
          </reporter-output>
        </test-method> <!-- TC55_CheckoutTitleLength -->
        <test-method signature="TC56_OrdersUrl()[pri:56, instance:com.example.ZyphroaTest@6fa51cd4]" started-at="2026-02-23T10:07:11 IST" name="TC56_OrdersUrl" finished-at="2026-02-23T10:07:11 IST" duration-ms="245" status="PASS">
          <reporter-output>
          </reporter-output>
        </test-method> <!-- TC56_OrdersUrl -->
        <test-method signature="TC57_OrdersTitle()[pri:57, instance:com.example.ZyphroaTest@6fa51cd4]" started-at="2026-02-23T10:07:11 IST" name="TC57_OrdersTitle" finished-at="2026-02-23T10:07:11 IST" duration-ms="203" status="PASS">
          <reporter-output>
          </reporter-output>
        </test-method> <!-- TC57_OrdersTitle -->
        <test-method signature="TC58_OrdersBody()[pri:58, instance:com.example.ZyphroaTest@6fa51cd4]" started-at="2026-02-23T10:07:11 IST" name="TC58_OrdersBody" finished-at="2026-02-23T10:07:11 IST" duration-ms="241" status="PASS">
          <reporter-output>
          </reporter-output>
        </test-method> <!-- TC58_OrdersBody -->
        <test-method signature="TC59_OrdersRefresh()[pri:59, instance:com.example.ZyphroaTest@6fa51cd4]" started-at="2026-02-23T10:07:11 IST" name="TC59_OrdersRefresh" finished-at="2026-02-23T10:07:12 IST" duration-ms="230" status="PASS">
          <reporter-output>
          </reporter-output>
        </test-method> <!-- TC59_OrdersRefresh -->
        <test-method signature="TC60_OrdersScroll()[pri:60, instance:com.example.ZyphroaTest@6fa51cd4]" started-at="2026-02-23T10:07:12 IST" name="TC60_OrdersScroll" finished-at="2026-02-23T10:07:12 IST" duration-ms="181" status="PASS">
          <reporter-output>
          </reporter-output>
        </test-method> <!-- TC60_OrdersScroll -->
        <test-method signature="TC61_OrdersReadyState()[pri:61, instance:com.example.ZyphroaTest@6fa51cd4]" started-at="2026-02-23T10:07:12 IST" name="TC61_OrdersReadyState" finished-at="2026-02-23T10:07:12 IST" duration-ms="192" status="PASS">
          <reporter-output>
          </reporter-output>
        </test-method> <!-- TC61_OrdersReadyState -->
        <test-method signature="TC62_OrdersURLExact()[pri:62, instance:com.example.ZyphroaTest@6fa51cd4]" started-at="2026-02-23T10:07:12 IST" name="TC62_OrdersURLExact" finished-at="2026-02-23T10:07:12 IST" duration-ms="238" status="PASS">
          <reporter-output>
          </reporter-output>
        </test-method> <!-- TC62_OrdersURLExact -->
        <test-method signature="TC63_OrdersPageLength()[pri:63, instance:com.example.ZyphroaTest@6fa51cd4]" started-at="2026-02-23T10:07:12 IST" name="TC63_OrdersPageLength" finished-at="2026-02-23T10:07:12 IST" duration-ms="237" status="PASS">
          <reporter-output>
          </reporter-output>
        </test-method> <!-- TC63_OrdersPageLength -->
        <test-method signature="TC64_OrdersBackForward()[pri:64, instance:com.example.ZyphroaTest@6fa51cd4]" started-at="2026-02-23T10:07:12 IST" name="TC64_OrdersBackForward" finished-at="2026-02-23T10:07:13 IST" duration-ms="351" status="PASS">
          <reporter-output>
          </reporter-output>
        </test-method> <!-- TC64_OrdersBackForward -->
        <test-method signature="TC65_OrdersJSBoolean()[pri:65, instance:com.example.ZyphroaTest@6fa51cd4]" started-at="2026-02-23T10:07:13 IST" name="TC65_OrdersJSBoolean" finished-at="2026-02-23T10:07:13 IST" duration-ms="187" status="PASS">
          <reporter-output>
          </reporter-output>
        </test-method> <!-- TC65_OrdersJSBoolean -->
        <test-method signature="TC66_OrdersJSNumber()[pri:66, instance:com.example.ZyphroaTest@6fa51cd4]" started-at="2026-02-23T10:07:13 IST" name="TC66_OrdersJSNumber" finished-at="2026-02-23T10:07:13 IST" duration-ms="213" status="PASS">
          <reporter-output>
          </reporter-output>
        </test-method> <!-- TC66_OrdersJSNumber -->
        <test-method signature="TC67_OrdersHTMLTag()[pri:67, instance:com.example.ZyphroaTest@6fa51cd4]" started-at="2026-02-23T10:07:13 IST" name="TC67_OrdersHTMLTag" finished-at="2026-02-23T10:07:13 IST" duration-ms="248" status="PASS">
          <reporter-output>
          </reporter-output>
        </test-method> <!-- TC67_OrdersHTMLTag -->
        <test-method signature="TC68_OrdersWindowHeight()[pri:68, instance:com.example.ZyphroaTest@6fa51cd4]" started-at="2026-02-23T10:07:13 IST" name="TC68_OrdersWindowHeight" finished-at="2026-02-23T10:07:14 IST" duration-ms="6" status="PASS">
          <reporter-output>
          </reporter-output>
        </test-method> <!-- TC68_OrdersWindowHeight -->
        <test-method signature="TC69_OrdersDriverActive()[pri:69, instance:com.example.ZyphroaTest@6fa51cd4]" started-at="2026-02-23T10:07:14 IST" name="TC69_OrdersDriverActive" finished-at="2026-02-23T10:07:14 IST" duration-ms="1" status="PASS">
          <reporter-output>
          </reporter-output>
        </test-method> <!-- TC69_OrdersDriverActive -->
        <test-method signature="TC70_OrdersTitleLength()[pri:70, instance:com.example.ZyphroaTest@6fa51cd4]" started-at="2026-02-23T10:07:14 IST" name="TC70_OrdersTitleLength" finished-at="2026-02-23T10:07:14 IST" duration-ms="240" status="PASS">
          <reporter-output>
          </reporter-output>
        </test-method> <!-- TC70_OrdersTitleLength -->
        <test-method signature="TC71_SetLocalStorage()[pri:71, instance:com.example.ZyphroaTest@6fa51cd4]" started-at="2026-02-23T10:07:14 IST" name="TC71_SetLocalStorage" finished-at="2026-02-23T10:07:14 IST" duration-ms="26" status="PASS">
          <reporter-output>
          </reporter-output>
        </test-method> <!-- TC71_SetLocalStorage -->
        <test-method signature="TC72_GetLocalStorage()[pri:72, instance:com.example.ZyphroaTest@6fa51cd4]" started-at="2026-02-23T10:07:14 IST" name="TC72_GetLocalStorage" finished-at="2026-02-23T10:07:14 IST" duration-ms="7" status="PASS">
          <reporter-output>
          </reporter-output>
        </test-method> <!-- TC72_GetLocalStorage -->
        <test-method signature="TC73_RemoveLocalStorage()[pri:73, instance:com.example.ZyphroaTest@6fa51cd4]" started-at="2026-02-23T10:07:14 IST" name="TC73_RemoveLocalStorage" finished-at="2026-02-23T10:07:14 IST" duration-ms="8" status="PASS">
          <reporter-output>
          </reporter-output>
        </test-method> <!-- TC73_RemoveLocalStorage -->
        <test-method signature="TC74_ClearLocalStorage()[pri:74, instance:com.example.ZyphroaTest@6fa51cd4]" started-at="2026-02-23T10:07:14 IST" name="TC74_ClearLocalStorage" finished-at="2026-02-23T10:07:14 IST" duration-ms="9" status="PASS">
          <reporter-output>
          </reporter-output>
        </test-method> <!-- TC74_ClearLocalStorage -->
        <test-method signature="TC75_SetSessionStorage()[pri:75, instance:com.example.ZyphroaTest@6fa51cd4]" started-at="2026-02-23T10:07:14 IST" name="TC75_SetSessionStorage" finished-at="2026-02-23T10:07:14 IST" duration-ms="7" status="PASS">
          <reporter-output>
          </reporter-output>
        </test-method> <!-- TC75_SetSessionStorage -->
        <test-method signature="TC76_GetSessionStorage()[pri:76, instance:com.example.ZyphroaTest@6fa51cd4]" started-at="2026-02-23T10:07:14 IST" name="TC76_GetSessionStorage" finished-at="2026-02-23T10:07:14 IST" duration-ms="11" status="PASS">
          <reporter-output>
          </reporter-output>
        </test-method> <!-- TC76_GetSessionStorage -->
        <test-method signature="TC77_RemoveSessionStorage()[pri:77, instance:com.example.ZyphroaTest@6fa51cd4]" started-at="2026-02-23T10:07:14 IST" name="TC77_RemoveSessionStorage" finished-at="2026-02-23T10:07:14 IST" duration-ms="7" status="PASS">
          <reporter-output>
          </reporter-output>
        </test-method> <!-- TC77_RemoveSessionStorage -->
        <test-method signature="TC78_JSReturnArray()[pri:78, instance:com.example.ZyphroaTest@6fa51cd4]" started-at="2026-02-23T10:07:14 IST" name="TC78_JSReturnArray" finished-at="2026-02-23T10:07:14 IST" duration-ms="7" status="PASS">
          <reporter-output>
          </reporter-output>
        </test-method> <!-- TC78_JSReturnArray -->
        <test-method signature="TC79_JSReturnObject()[pri:79, instance:com.example.ZyphroaTest@6fa51cd4]" started-at="2026-02-23T10:07:14 IST" name="TC79_JSReturnObject" finished-at="2026-02-23T10:07:14 IST" duration-ms="6" status="PASS">
          <reporter-output>
          </reporter-output>
        </test-method> <!-- TC79_JSReturnObject -->
        <test-method signature="TC80_JSMathRandom()[pri:80, instance:com.example.ZyphroaTest@6fa51cd4]" started-at="2026-02-23T10:07:14 IST" name="TC80_JSMathRandom" finished-at="2026-02-23T10:07:14 IST" duration-ms="7" status="PASS">
          <reporter-output>
          </reporter-output>
        </test-method> <!-- TC80_JSMathRandom -->
        <test-method is-config="true" signature="tearDown()[pri:0, instance:com.example.ZyphroaTest@6fa51cd4]" started-at="2026-02-23T10:07:14 IST" name="tearDown" finished-at="2026-02-23T10:07:14 IST" duration-ms="293" status="PASS">
          <reporter-output>
          </reporter-output>
        </test-method> <!-- tearDown -->
      </class> <!-- com.example.ZyphroaTest -->
    </test> <!-- ZyphroaTest -->
  </suite> <!-- Suite -->
</testng-results>
