<?xml version="1.0" encoding="UTF-8"?>
<testng-results ignored="0" total="80" passed="80" failed="0" skipped="0">
  <reporter-output>
  </reporter-output>
  <suite started-at="2026-02-23T13:39:06 IST" name="Suite" finished-at="2026-02-23T13:39:32 IST" duration-ms="25516">
    <groups>
    </groups>
    <test started-at="2026-02-23T13:39:06 IST" name="ZyphroaTest" finished-at="2026-02-23T13:39:32 IST" duration-ms="25516">
      <class name="com.example.ZyphroaTest">
        <test-method is-config="true" signature="setup()[pri:0, instance:com.example.ZyphroaTest@6fa51cd4]" started-at="2026-02-23T13:39:06 IST" name="setup" finished-at="2026-02-23T13:39:09 IST" duration-ms="2986" status="PASS">
          <reporter-output>
          </reporter-output>
        </test-method> <!-- setup -->
        <test-method signature="TC01_LoginUrl()[pri:1, instance:com.example.ZyphroaTest@6fa51cd4]" started-at="2026-02-23T13:39:09 IST" name="TC01_LoginUrl" finished-at="2026-02-23T13:39:10 IST" duration-ms="247" status="PASS">
          <reporter-output>
          </reporter-output>
        </test-method> <!-- TC01_LoginUrl -->
        <test-method signature="TC02_LoginTitleNotEmpty()[pri:2, instance:com.example.ZyphroaTest@6fa51cd4]" started-at="2026-02-23T13:39:10 IST" name="TC02_LoginTitleNotEmpty" finished-at="2026-02-23T13:39:10 IST" duration-ms="214" status="PASS">
          <reporter-output>
          </reporter-output>
        </test-method> <!-- TC02_LoginTitleNotEmpty -->
        <test-method signature="TC03_LoginBodyVisible()[pri:3, instance:com.example.ZyphroaTest@6fa51cd4]" started-at="2026-02-23T13:39:10 IST" name="TC03_LoginBodyVisible" finished-at="2026-02-23T13:39:10 IST" duration-ms="243" status="PASS">
          <reporter-output>
          </reporter-output>
        </test-method> <!-- TC03_LoginBodyVisible -->
        <test-method signature="TC04_LoginHTMLVisible()[pri:4, instance:com.example.ZyphroaTest@6fa51cd4]" started-at="2026-02-23T13:39:10 IST" name="TC04_LoginHTMLVisible" finished-at="2026-02-23T13:39:11 IST" duration-ms="298" status="PASS">
          <reporter-output>
          </reporter-output>
        </test-method> <!-- TC04_LoginHTMLVisible -->
        <test-method signature="TC05_LoginPageSourceLength()[pri:5, instance:com.example.ZyphroaTest@6fa51cd4]" started-at="2026-02-23T13:39:11 IST" name="TC05_LoginPageSourceLength" finished-at="2026-02-23T13:39:11 IST" duration-ms="342" status="PASS">
          <reporter-output>
          </reporter-output>
        </test-method> <!-- TC05_LoginPageSourceLength -->
        <test-method signature="TC06_LoginRefresh()[pri:6, instance:com.example.ZyphroaTest@6fa51cd4]" started-at="2026-02-23T13:39:11 IST" name="TC06_LoginRefresh" finished-at="2026-02-23T13:39:11 IST" duration-ms="216" status="PASS">
          <reporter-output>
          </reporter-output>
        </test-method> <!-- TC06_LoginRefresh -->
        <test-method signature="TC07_LoginBackForward()[pri:7, instance:com.example.ZyphroaTest@6fa51cd4]" started-at="2026-02-23T13:39:11 IST" name="TC07_LoginBackForward" finished-at="2026-02-23T13:39:11 IST" duration-ms="284" status="PASS">
          <reporter-output>
          </reporter-output>
        </test-method> <!-- TC07_LoginBackForward -->
        <test-method signature="TC08_LoginJSExecution()[pri:8, instance:com.example.ZyphroaTest@6fa51cd4]" started-at="2026-02-23T13:39:11 IST" name="TC08_LoginJSExecution" finished-at="2026-02-23T13:39:12 IST" duration-ms="160" status="PASS">
          <reporter-output>
          </reporter-output>
        </test-method> <!-- TC08_LoginJSExecution -->
        <test-method signature="TC09_LoginWindowHeight()[pri:9, instance:com.example.ZyphroaTest@6fa51cd4]" started-at="2026-02-23T13:39:12 IST" name="TC09_LoginWindowHeight" finished-at="2026-02-23T13:39:12 IST" duration-ms="10" status="PASS">
          <reporter-output>
          </reporter-output>
        </test-method> <!-- TC09_LoginWindowHeight -->
        <test-method signature="TC10_LoginDriverNotNull()[pri:10, instance:com.example.ZyphroaTest@6fa51cd4]" started-at="2026-02-23T13:39:12 IST" name="TC10_LoginDriverNotNull" finished-at="2026-02-23T13:39:12 IST" duration-ms="1" status="PASS">
          <reporter-output>
          </reporter-output>
        </test-method> <!-- TC10_LoginDriverNotNull -->
        <test-method signature="TC11_HomeUrlContains()[pri:11, instance:com.example.ZyphroaTest@6fa51cd4]" started-at="2026-02-23T13:39:12 IST" name="TC11_HomeUrlContains" finished-at="2026-02-23T13:39:12 IST" duration-ms="318" status="PASS">
          <reporter-output>
          </reporter-output>
        </test-method> <!-- TC11_HomeUrlContains -->
        <test-method signature="TC12_HomeTitleExists()[pri:12, instance:com.example.ZyphroaTest@6fa51cd4]" started-at="2026-02-23T13:39:12 IST" name="TC12_HomeTitleExists" finished-at="2026-02-23T13:39:12 IST" duration-ms="253" status="PASS">
          <reporter-output>
          </reporter-output>
        </test-method> <!-- TC12_HomeTitleExists -->
        <test-method signature="TC13_HomeBodyVisible()[pri:13, instance:com.example.ZyphroaTest@6fa51cd4]" started-at="2026-02-23T13:39:12 IST" name="TC13_HomeBodyVisible" finished-at="2026-02-23T13:39:13 IST" duration-ms="310" status="PASS">
          <reporter-output>
          </reporter-output>
        </test-method> <!-- TC13_HomeBodyVisible -->
        <test-method signature="TC14_HomePageSource()[pri:14, instance:com.example.ZyphroaTest@6fa51cd4]" started-at="2026-02-23T13:39:13 IST" name="TC14_HomePageSource" finished-at="2026-02-23T13:39:13 IST" duration-ms="245" status="PASS">
          <reporter-output>
          </reporter-output>
        </test-method> <!-- TC14_HomePageSource -->
        <test-method signature="TC15_HomeRefresh()[pri:15, instance:com.example.ZyphroaTest@6fa51cd4]" started-at="2026-02-23T13:39:13 IST" name="TC15_HomeRefresh" finished-at="2026-02-23T13:39:13 IST" duration-ms="267" status="PASS">
          <reporter-output>
          </reporter-output>
        </test-method> <!-- TC15_HomeRefresh -->
        <test-method signature="TC16_HomeScrollDown()[pri:16, instance:com.example.ZyphroaTest@6fa51cd4]" started-at="2026-02-23T13:39:13 IST" name="TC16_HomeScrollDown" finished-at="2026-02-23T13:39:13 IST" duration-ms="220" status="PASS">
          <reporter-output>
          </reporter-output>
        </test-method> <!-- TC16_HomeScrollDown -->
        <test-method signature="TC17_HomeScrollTop()[pri:17, instance:com.example.ZyphroaTest@6fa51cd4]" started-at="2026-02-23T13:39:13 IST" name="TC17_HomeScrollTop" finished-at="2026-02-23T13:39:14 IST" duration-ms="226" status="PASS">
          <reporter-output>
          </reporter-output>
        </test-method> <!-- TC17_HomeScrollTop -->
        <test-method signature="TC18_HomeReadyState()[pri:18, instance:com.example.ZyphroaTest@6fa51cd4]" started-at="2026-02-23T13:39:14 IST" name="TC18_HomeReadyState" finished-at="2026-02-23T13:39:14 IST" duration-ms="721" status="PASS">
          <reporter-output>
          </reporter-output>
        </test-method> <!-- TC18_HomeReadyState -->
        <test-method signature="TC19_HomeJSBoolean()[pri:19, instance:com.example.ZyphroaTest@6fa51cd4]" started-at="2026-02-23T13:39:14 IST" name="TC19_HomeJSBoolean" finished-at="2026-02-23T13:39:15 IST" duration-ms="198" status="PASS">
          <reporter-output>
          </reporter-output>
        </test-method> <!-- TC19_HomeJSBoolean -->
        <test-method signature="TC20_HomeJSString()[pri:20, instance:com.example.ZyphroaTest@6fa51cd4]" started-at="2026-02-23T13:39:15 IST" name="TC20_HomeJSString" finished-at="2026-02-23T13:39:15 IST" duration-ms="250" status="PASS">
          <reporter-output>
          </reporter-output>
        </test-method> <!-- TC20_HomeJSString -->
        <test-method signature="TC21_HomeBackNav()[pri:21, instance:com.example.ZyphroaTest@6fa51cd4]" started-at="2026-02-23T13:39:15 IST" name="TC21_HomeBackNav" finished-at="2026-02-23T13:39:15 IST" duration-ms="345" status="PASS">
          <reporter-output>
          </reporter-output>
        </test-method> <!-- TC21_HomeBackNav -->
        <test-method signature="TC22_HomeForwardNav()[pri:22, instance:com.example.ZyphroaTest@6fa51cd4]" started-at="2026-02-23T13:39:15 IST" name="TC22_HomeForwardNav" finished-at="2026-02-23T13:39:16 IST" duration-ms="377" status="PASS">
          <reporter-output>
          </reporter-output>
        </test-method> <!-- TC22_HomeForwardNav -->
        <test-method signature="TC23_HomePageLength()[pri:23, instance:com.example.ZyphroaTest@6fa51cd4]" started-at="2026-02-23T13:39:16 IST" name="TC23_HomePageLength" finished-at="2026-02-23T13:39:16 IST" duration-ms="300" status="PASS">
          <reporter-output>
          </reporter-output>
        </test-method> <!-- TC23_HomePageLength -->
        <test-method signature="TC24_HomeURLExact()[pri:24, instance:com.example.ZyphroaTest@6fa51cd4]" started-at="2026-02-23T13:39:16 IST" name="TC24_HomeURLExact" finished-at="2026-02-23T13:39:16 IST" duration-ms="214" status="PASS">
          <reporter-output>
          </reporter-output>
        </test-method> <!-- TC24_HomeURLExact -->
        <test-method signature="TC25_HomeWindowWidth()[pri:25, instance:com.example.ZyphroaTest@6fa51cd4]" started-at="2026-02-23T13:39:16 IST" name="TC25_HomeWindowWidth" finished-at="2026-02-23T13:39:16 IST" duration-ms="24" status="PASS">
          <reporter-output>
          </reporter-output>
        </test-method> <!-- TC25_HomeWindowWidth -->
        <test-method signature="TC26_CartUrl()[pri:26, instance:com.example.ZyphroaTest@6fa51cd4]" started-at="2026-02-23T13:39:16 IST" name="TC26_CartUrl" finished-at="2026-02-23T13:39:17 IST" duration-ms="800" status="PASS">
          <reporter-output>
          </reporter-output>
        </test-method> <!-- TC26_CartUrl -->
        <test-method signature="TC27_CartTitle()[pri:27, instance:com.example.ZyphroaTest@6fa51cd4]" started-at="2026-02-23T13:39:17 IST" name="TC27_CartTitle" finished-at="2026-02-23T13:39:17 IST" duration-ms="249" status="PASS">
          <reporter-output>
          </reporter-output>
        </test-method> <!-- TC27_CartTitle -->
        <test-method signature="TC28_CartBodyVisible()[pri:28, instance:com.example.ZyphroaTest@6fa51cd4]" started-at="2026-02-23T13:39:17 IST" name="TC28_CartBodyVisible" finished-at="2026-02-23T13:39:18 IST" duration-ms="329" status="PASS">
          <reporter-output>
          </reporter-output>
        </test-method> <!-- TC28_CartBodyVisible -->
        <test-method signature="TC29_CartRefresh()[pri:29, instance:com.example.ZyphroaTest@6fa51cd4]" started-at="2026-02-23T13:39:18 IST" name="TC29_CartRefresh" finished-at="2026-02-23T13:39:18 IST" duration-ms="245" status="PASS">
          <reporter-output>
          </reporter-output>
        </test-method> <!-- TC29_CartRefresh -->
        <test-method signature="TC30_CartPageLength()[pri:30, instance:com.example.ZyphroaTest@6fa51cd4]" started-at="2026-02-23T13:39:18 IST" name="TC30_CartPageLength" finished-at="2026-02-23T13:39:18 IST" duration-ms="220" status="PASS">
          <reporter-output>
          </reporter-output>
        </test-method> <!-- TC30_CartPageLength -->
        <test-method signature="TC31_CartJSCalc()[pri:31, instance:com.example.ZyphroaTest@6fa51cd4]" started-at="2026-02-23T13:39:18 IST" name="TC31_CartJSCalc" finished-at="2026-02-23T13:39:18 IST" duration-ms="225" status="PASS">
          <reporter-output>
          </reporter-output>
        </test-method> <!-- TC31_CartJSCalc -->
        <test-method signature="TC32_CartScroll()[pri:32, instance:com.example.ZyphroaTest@6fa51cd4]" started-at="2026-02-23T13:39:18 IST" name="TC32_CartScroll" finished-at="2026-02-23T13:39:19 IST" duration-ms="205" status="PASS">
          <reporter-output>
          </reporter-output>
        </test-method> <!-- TC32_CartScroll -->
        <test-method signature="TC33_CartScrollTop()[pri:33, instance:com.example.ZyphroaTest@6fa51cd4]" started-at="2026-02-23T13:39:19 IST" name="TC33_CartScrollTop" finished-at="2026-02-23T13:39:19 IST" duration-ms="231" status="PASS">
          <reporter-output>
          </reporter-output>
        </test-method> <!-- TC33_CartScrollTop -->
        <test-method signature="TC34_CartBackForward()[pri:34, instance:com.example.ZyphroaTest@6fa51cd4]" started-at="2026-02-23T13:39:19 IST" name="TC34_CartBackForward" finished-at="2026-02-23T13:39:19 IST" duration-ms="363" status="PASS">
          <reporter-output>
          </reporter-output>
        </test-method> <!-- TC34_CartBackForward -->
        <test-method signature="TC35_CartReadyState()[pri:35, instance:com.example.ZyphroaTest@6fa51cd4]" started-at="2026-02-23T13:39:19 IST" name="TC35_CartReadyState" finished-at="2026-02-23T13:39:19 IST" duration-ms="207" status="PASS">
          <reporter-output>
          </reporter-output>
        </test-method> <!-- TC35_CartReadyState -->
        <test-method signature="TC36_CartURLExact()[pri:36, instance:com.example.ZyphroaTest@6fa51cd4]" started-at="2026-02-23T13:39:19 IST" name="TC36_CartURLExact" finished-at="2026-02-23T13:39:20 IST" duration-ms="242" status="PASS">
          <reporter-output>
          </reporter-output>
        </test-method> <!-- TC36_CartURLExact -->
        <test-method signature="TC37_CartPageSourceContainsHTML()[pri:37, instance:com.example.ZyphroaTest@6fa51cd4]" started-at="2026-02-23T13:39:20 IST" name="TC37_CartPageSourceContainsHTML" finished-at="2026-02-23T13:39:20 IST" duration-ms="201" status="PASS">
          <reporter-output>
          </reporter-output>
        </test-method> <!-- TC37_CartPageSourceContainsHTML -->
        <test-method signature="TC38_CartWindowHeight()[pri:38, instance:com.example.ZyphroaTest@6fa51cd4]" started-at="2026-02-23T13:39:20 IST" name="TC38_CartWindowHeight" finished-at="2026-02-23T13:39:20 IST" duration-ms="8" status="PASS">
          <reporter-output>
          </reporter-output>
        </test-method> <!-- TC38_CartWindowHeight -->
        <test-method signature="TC39_CartDriverActive()[pri:39, instance:com.example.ZyphroaTest@6fa51cd4]" started-at="2026-02-23T13:39:20 IST" name="TC39_CartDriverActive" finished-at="2026-02-23T13:39:20 IST" duration-ms="3" status="PASS">
          <reporter-output>
          </reporter-output>
        </test-method> <!-- TC39_CartDriverActive -->
        <test-method signature="TC40_CartJSBoolean()[pri:40, instance:com.example.ZyphroaTest@6fa51cd4]" started-at="2026-02-23T13:39:20 IST" name="TC40_CartJSBoolean" finished-at="2026-02-23T13:39:20 IST" duration-ms="333" status="PASS">
          <reporter-output>
          </reporter-output>
        </test-method> <!-- TC40_CartJSBoolean -->
        <test-method signature="TC41_CheckoutUrl()[pri:41, instance:com.example.ZyphroaTest@6fa51cd4]" started-at="2026-02-23T13:39:20 IST" name="TC41_CheckoutUrl" finished-at="2026-02-23T13:39:21 IST" duration-ms="283" status="PASS">
          <reporter-output>
          </reporter-output>
        </test-method> <!-- TC41_CheckoutUrl -->
        <test-method signature="TC42_CheckoutTitle()[pri:42, instance:com.example.ZyphroaTest@6fa51cd4]" started-at="2026-02-23T13:39:21 IST" name="TC42_CheckoutTitle" finished-at="2026-02-23T13:39:21 IST" duration-ms="500" status="PASS">
          <reporter-output>
          </reporter-output>
        </test-method> <!-- TC42_CheckoutTitle -->
        <test-method signature="TC43_CheckoutBody()[pri:43, instance:com.example.ZyphroaTest@6fa51cd4]" started-at="2026-02-23T13:39:21 IST" name="TC43_CheckoutBody" finished-at="2026-02-23T13:39:22 IST" duration-ms="816" status="PASS">
          <reporter-output>
          </reporter-output>
        </test-method> <!-- TC43_CheckoutBody -->
        <test-method signature="TC44_CheckoutRefresh()[pri:44, instance:com.example.ZyphroaTest@6fa51cd4]" started-at="2026-02-23T13:39:22 IST" name="TC44_CheckoutRefresh" finished-at="2026-02-23T13:39:22 IST" duration-ms="327" status="PASS">
          <reporter-output>
          </reporter-output>
        </test-method> <!-- TC44_CheckoutRefresh -->
        <test-method signature="TC45_CheckoutScroll()[pri:45, instance:com.example.ZyphroaTest@6fa51cd4]" started-at="2026-02-23T13:39:22 IST" name="TC45_CheckoutScroll" finished-at="2026-02-23T13:39:23 IST" duration-ms="338" status="PASS">
          <reporter-output>
          </reporter-output>
        </test-method> <!-- TC45_CheckoutScroll -->
        <test-method signature="TC46_CheckoutReadyState()[pri:46, instance:com.example.ZyphroaTest@6fa51cd4]" started-at="2026-02-23T13:39:23 IST" name="TC46_CheckoutReadyState" finished-at="2026-02-23T13:39:23 IST" duration-ms="260" status="PASS">
          <reporter-output>
          </reporter-output>
        </test-method> <!-- TC46_CheckoutReadyState -->
        <test-method signature="TC47_CheckoutJSNumber()[pri:47, instance:com.example.ZyphroaTest@6fa51cd4]" started-at="2026-02-23T13:39:23 IST" name="TC47_CheckoutJSNumber" finished-at="2026-02-23T13:39:23 IST" duration-ms="285" status="PASS">
          <reporter-output>
          </reporter-output>
        </test-method> <!-- TC47_CheckoutJSNumber -->
        <test-method signature="TC48_CheckoutURLExact()[pri:48, instance:com.example.ZyphroaTest@6fa51cd4]" started-at="2026-02-23T13:39:23 IST" name="TC48_CheckoutURLExact" finished-at="2026-02-23T13:39:24 IST" duration-ms="765" status="PASS">
          <reporter-output>
          </reporter-output>
        </test-method> <!-- TC48_CheckoutURLExact -->
        <test-method signature="TC49_CheckoutPageSource()[pri:49, instance:com.example.ZyphroaTest@6fa51cd4]" started-at="2026-02-23T13:39:24 IST" name="TC49_CheckoutPageSource" finished-at="2026-02-23T13:39:24 IST" duration-ms="270" status="PASS">
          <reporter-output>
          </reporter-output>
        </test-method> <!-- TC49_CheckoutPageSource -->
        <test-method signature="TC50_CheckoutBackForward()[pri:50, instance:com.example.ZyphroaTest@6fa51cd4]" started-at="2026-02-23T13:39:24 IST" name="TC50_CheckoutBackForward" finished-at="2026-02-23T13:39:25 IST" duration-ms="867" status="PASS">
          <reporter-output>
          </reporter-output>
        </test-method> <!-- TC50_CheckoutBackForward -->
        <test-method signature="TC51_CheckoutHTMLTag()[pri:51, instance:com.example.ZyphroaTest@6fa51cd4]" started-at="2026-02-23T13:39:25 IST" name="TC51_CheckoutHTMLTag" finished-at="2026-02-23T13:39:25 IST" duration-ms="282" status="PASS">
          <reporter-output>
          </reporter-output>
        </test-method> <!-- TC51_CheckoutHTMLTag -->
        <test-method signature="TC52_CheckoutJSString()[pri:52, instance:com.example.ZyphroaTest@6fa51cd4]" started-at="2026-02-23T13:39:25 IST" name="TC52_CheckoutJSString" finished-at="2026-02-23T13:39:26 IST" duration-ms="221" status="PASS">
          <reporter-output>
          </reporter-output>
        </test-method> <!-- TC52_CheckoutJSString -->
        <test-method signature="TC53_CheckoutWindowWidth()[pri:53, instance:com.example.ZyphroaTest@6fa51cd4]" started-at="2026-02-23T13:39:26 IST" name="TC53_CheckoutWindowWidth" finished-at="2026-02-23T13:39:26 IST" duration-ms="7" status="PASS">
          <reporter-output>
          </reporter-output>
        </test-method> <!-- TC53_CheckoutWindowWidth -->
        <test-method signature="TC54_CheckoutDriverNotNull()[pri:54, instance:com.example.ZyphroaTest@6fa51cd4]" started-at="2026-02-23T13:39:26 IST" name="TC54_CheckoutDriverNotNull" finished-at="2026-02-23T13:39:26 IST" duration-ms="1" status="PASS">
          <reporter-output>
          </reporter-output>
        </test-method> <!-- TC54_CheckoutDriverNotNull -->
        <test-method signature="TC55_CheckoutTitleLength()[pri:55, instance:com.example.ZyphroaTest@6fa51cd4]" started-at="2026-02-23T13:39:26 IST" name="TC55_CheckoutTitleLength" finished-at="2026-02-23T13:39:26 IST" duration-ms="281" status="PASS">
          <reporter-output>
          </reporter-output>
        </test-method> <!-- TC55_CheckoutTitleLength -->
        <test-method signature="TC56_OrdersUrl()[pri:56, instance:com.example.ZyphroaTest@6fa51cd4]" started-at="2026-02-23T13:39:26 IST" name="TC56_OrdersUrl" finished-at="2026-02-23T13:39:27 IST" duration-ms="895" status="PASS">
          <reporter-output>
          </reporter-output>
        </test-method> <!-- TC56_OrdersUrl -->
        <test-method signature="TC57_OrdersTitle()[pri:57, instance:com.example.ZyphroaTest@6fa51cd4]" started-at="2026-02-23T13:39:27 IST" name="TC57_OrdersTitle" finished-at="2026-02-23T13:39:27 IST" duration-ms="225" status="PASS">
          <reporter-output>
          </reporter-output>
        </test-method> <!-- TC57_OrdersTitle -->
        <test-method signature="TC58_OrdersBody()[pri:58, instance:com.example.ZyphroaTest@6fa51cd4]" started-at="2026-02-23T13:39:27 IST" name="TC58_OrdersBody" finished-at="2026-02-23T13:39:27 IST" duration-ms="241" status="PASS">
          <reporter-output>
          </reporter-output>
        </test-method> <!-- TC58_OrdersBody -->
        <test-method signature="TC59_OrdersRefresh()[pri:59, instance:com.example.ZyphroaTest@6fa51cd4]" started-at="2026-02-23T13:39:27 IST" name="TC59_OrdersRefresh" finished-at="2026-02-23T13:39:28 IST" duration-ms="290" status="PASS">
          <reporter-output>
          </reporter-output>
        </test-method> <!-- TC59_OrdersRefresh -->
        <test-method signature="TC60_OrdersScroll()[pri:60, instance:com.example.ZyphroaTest@6fa51cd4]" started-at="2026-02-23T13:39:28 IST" name="TC60_OrdersScroll" finished-at="2026-02-23T13:39:28 IST" duration-ms="753" status="PASS">
          <reporter-output>
          </reporter-output>
        </test-method> <!-- TC60_OrdersScroll -->
        <test-method signature="TC61_OrdersReadyState()[pri:61, instance:com.example.ZyphroaTest@6fa51cd4]" started-at="2026-02-23T13:39:28 IST" name="TC61_OrdersReadyState" finished-at="2026-02-23T13:39:29 IST" duration-ms="258" status="PASS">
          <reporter-output>
          </reporter-output>
        </test-method> <!-- TC61_OrdersReadyState -->
        <test-method signature="TC62_OrdersURLExact()[pri:62, instance:com.example.ZyphroaTest@6fa51cd4]" started-at="2026-02-23T13:39:29 IST" name="TC62_OrdersURLExact" finished-at="2026-02-23T13:39:29 IST" duration-ms="268" status="PASS">
          <reporter-output>
          </reporter-output>
        </test-method> <!-- TC62_OrdersURLExact -->
        <test-method signature="TC63_OrdersPageLength()[pri:63, instance:com.example.ZyphroaTest@6fa51cd4]" started-at="2026-02-23T13:39:29 IST" name="TC63_OrdersPageLength" finished-at="2026-02-23T13:39:29 IST" duration-ms="274" status="PASS">
          <reporter-output>
          </reporter-output>
        </test-method> <!-- TC63_OrdersPageLength -->
        <test-method signature="TC64_OrdersBackForward()[pri:64, instance:com.example.ZyphroaTest@6fa51cd4]" started-at="2026-02-23T13:39:29 IST" name="TC64_OrdersBackForward" finished-at="2026-02-23T13:39:30 IST" duration-ms="360" status="PASS">
          <reporter-output>
          </reporter-output>
        </test-method> <!-- TC64_OrdersBackForward -->
        <test-method signature="TC65_OrdersJSBoolean()[pri:65, instance:com.example.ZyphroaTest@6fa51cd4]" started-at="2026-02-23T13:39:30 IST" name="TC65_OrdersJSBoolean" finished-at="2026-02-23T13:39:30 IST" duration-ms="213" status="PASS">
          <reporter-output>
          </reporter-output>
        </test-method> <!-- TC65_OrdersJSBoolean -->
        <test-method signature="TC66_OrdersJSNumber()[pri:66, instance:com.example.ZyphroaTest@6fa51cd4]" started-at="2026-02-23T13:39:30 IST" name="TC66_OrdersJSNumber" finished-at="2026-02-23T13:39:30 IST" duration-ms="288" status="PASS">
          <reporter-output>
          </reporter-output>
        </test-method> <!-- TC66_OrdersJSNumber -->
        <test-method signature="TC67_OrdersHTMLTag()[pri:67, instance:com.example.ZyphroaTest@6fa51cd4]" started-at="2026-02-23T13:39:30 IST" name="TC67_OrdersHTMLTag" finished-at="2026-02-23T13:39:31 IST" duration-ms="378" status="PASS">
          <reporter-output>
          </reporter-output>
        </test-method> <!-- TC67_OrdersHTMLTag -->
        <test-method signature="TC68_OrdersWindowHeight()[pri:68, instance:com.example.ZyphroaTest@6fa51cd4]" started-at="2026-02-23T13:39:31 IST" name="TC68_OrdersWindowHeight" finished-at="2026-02-23T13:39:31 IST" duration-ms="8" status="PASS">
          <reporter-output>
          </reporter-output>
        </test-method> <!-- TC68_OrdersWindowHeight -->
        <test-method signature="TC69_OrdersDriverActive()[pri:69, instance:com.example.ZyphroaTest@6fa51cd4]" started-at="2026-02-23T13:39:31 IST" name="TC69_OrdersDriverActive" finished-at="2026-02-23T13:39:31 IST" duration-ms="1" status="PASS">
          <reporter-output>
          </reporter-output>
        </test-method> <!-- TC69_OrdersDriverActive -->
        <test-method signature="TC70_OrdersTitleLength()[pri:70, instance:com.example.ZyphroaTest@6fa51cd4]" started-at="2026-02-23T13:39:31 IST" name="TC70_OrdersTitleLength" finished-at="2026-02-23T13:39:31 IST" duration-ms="862" status="PASS">
          <reporter-output>
          </reporter-output>
        </test-method> <!-- TC70_OrdersTitleLength -->
        <test-method signature="TC71_SetLocalStorage()[pri:71, instance:com.example.ZyphroaTest@6fa51cd4]" started-at="2026-02-23T13:39:31 IST" name="TC71_SetLocalStorage" finished-at="2026-02-23T13:39:31 IST" duration-ms="12" status="PASS">
          <reporter-output>
          </reporter-output>
        </test-method> <!-- TC71_SetLocalStorage -->
        <test-method signature="TC72_GetLocalStorage()[pri:72, instance:com.example.ZyphroaTest@6fa51cd4]" started-at="2026-02-23T13:39:31 IST" name="TC72_GetLocalStorage" finished-at="2026-02-23T13:39:31 IST" duration-ms="11" status="PASS">
          <reporter-output>
          </reporter-output>
        </test-method> <!-- TC72_GetLocalStorage -->
        <test-method signature="TC73_RemoveLocalStorage()[pri:73, instance:com.example.ZyphroaTest@6fa51cd4]" started-at="2026-02-23T13:39:31 IST" name="TC73_RemoveLocalStorage" finished-at="2026-02-23T13:39:32 IST" duration-ms="11" status="PASS">
          <reporter-output>
          </reporter-output>
        </test-method> <!-- TC73_RemoveLocalStorage -->
        <test-method signature="TC74_ClearLocalStorage()[pri:74, instance:com.example.ZyphroaTest@6fa51cd4]" started-at="2026-02-23T13:39:32 IST" name="TC74_ClearLocalStorage" finished-at="2026-02-23T13:39:32 IST" duration-ms="8" status="PASS">
          <reporter-output>
          </reporter-output>
        </test-method> <!-- TC74_ClearLocalStorage -->
        <test-method signature="TC75_SetSessionStorage()[pri:75, instance:com.example.ZyphroaTest@6fa51cd4]" started-at="2026-02-23T13:39:32 IST" name="TC75_SetSessionStorage" finished-at="2026-02-23T13:39:32 IST" duration-ms="8" status="PASS">
          <reporter-output>
          </reporter-output>
        </test-method> <!-- TC75_SetSessionStorage -->
        <test-method signature="TC76_GetSessionStorage()[pri:76, instance:com.example.ZyphroaTest@6fa51cd4]" started-at="2026-02-23T13:39:32 IST" name="TC76_GetSessionStorage" finished-at="2026-02-23T13:39:32 IST" duration-ms="7" status="PASS">
          <reporter-output>
          </reporter-output>
        </test-method> <!-- TC76_GetSessionStorage -->
        <test-method signature="TC77_RemoveSessionStorage()[pri:77, instance:com.example.ZyphroaTest@6fa51cd4]" started-at="2026-02-23T13:39:32 IST" name="TC77_RemoveSessionStorage" finished-at="2026-02-23T13:39:32 IST" duration-ms="11" status="PASS">
          <reporter-output>
          </reporter-output>
        </test-method> <!-- TC77_RemoveSessionStorage -->
        <test-method signature="TC78_JSReturnArray()[pri:78, instance:com.example.ZyphroaTest@6fa51cd4]" started-at="2026-02-23T13:39:32 IST" name="TC78_JSReturnArray" finished-at="2026-02-23T13:39:32 IST" duration-ms="11" status="PASS">
          <reporter-output>
          </reporter-output>
        </test-method> <!-- TC78_JSReturnArray -->
        <test-method signature="TC79_JSReturnObject()[pri:79, instance:com.example.ZyphroaTest@6fa51cd4]" started-at="2026-02-23T13:39:32 IST" name="TC79_JSReturnObject" finished-at="2026-02-23T13:39:32 IST" duration-ms="10" status="PASS">
          <reporter-output>
          </reporter-output>
        </test-method> <!-- TC79_JSReturnObject -->
        <test-method signature="TC80_JSMathRandom()[pri:80, instance:com.example.ZyphroaTest@6fa51cd4]" started-at="2026-02-23T13:39:32 IST" name="TC80_JSMathRandom" finished-at="2026-02-23T13:39:32 IST" duration-ms="13" status="PASS">
          <reporter-output>
          </reporter-output>
        </test-method> <!-- TC80_JSMathRandom -->
        <test-method is-config="true" signature="tearDown()[pri:0, instance:com.example.ZyphroaTest@6fa51cd4]" started-at="2026-02-23T13:39:32 IST" name="tearDown" finished-at="2026-02-23T13:39:32 IST" duration-ms="307" status="PASS">
          <reporter-output>
          </reporter-output>
        </test-method> <!-- tearDown -->
      </class> <!-- com.example.ZyphroaTest -->
    </test> <!-- ZyphroaTest -->
  </suite> <!-- Suite -->
</testng-results>
