<?xml version="1.0" encoding="UTF-8"?>
<!-- Generated by org.testng.reporters.JUnitXMLReporter -->
<testsuite ignored="0" hostname="6704e31e072e54a" failures="7" tests="80" name="ZyphroaTest" time="38.537" errors="0" timestamp="2026-02-23T10:07:14 IST">
  <testcase classname="com.example.ZyphroaTest" name="TC01_LoginUrl" time="2.571">
    <failure type="org.openqa.selenium.WebDriverException" message="unknown error: net::ERR_CONNECTION_REFUSED
  (Session info: chrome=145.0.7632.109)
Build info: version: &amp;apos;4.18.1&amp;apos;, revision: &amp;apos;b1d3319b48&amp;apos;
System info: os.name: &amp;apos;Windows 10&amp;apos;, os.arch: &amp;apos;amd64&amp;apos;, os.version: &amp;apos;10.0&amp;apos;, java.version: &amp;apos;17.0.12&amp;apos;
Driver info: org.openqa.selenium.chrome.ChromeDriver
Command: [53f70a4dc486039db4d05f317698ad0d, get {url=http://127.0.0.1:5500/website/index.html}]
Capabilities {acceptInsecureCerts: false, browserName: chrome, browserVersion: 145.0.7632.109, chrome: {chromedriverVersion: 145.0.7632.77 (da516187054a..., userDataDir: C:\Windows\SystemTemp\scope...}, fedcm:accounts: true, goog:chromeOptions: {debuggerAddress: localhost:49804}, goog:processID: 8624, networkConnectionEnabled: false, pageLoadStrategy: normal, platformName: windows, proxy: Proxy(), se:cdp: ws://localhost:49804/devtoo..., se:cdpVersion: 145.0.7632.109, setWindowRect: true, strictFileInteractability: false, timeouts: {implicit: 0, pageLoad: 300000, script: 30000}, unhandledPromptBehavior: dismiss and notify, webauthn:extension:credBlob: true, webauthn:extension:largeBlob: true, webauthn:extension:minPinLength: true, webauthn:extension:prf: true, webauthn:virtualAuthenticators: true}
Session ID: 53f70a4dc486039db4d05f317698ad0d">
      <![CDATA[org.openqa.selenium.WebDriverException: unknown error: net::ERR_CONNECTION_REFUSED
  (Session info: chrome=145.0.7632.109)
Build info: version: '4.18.1', revision: 'b1d3319b48'
System info: os.name: 'Windows 10', os.arch: 'amd64', os.version: '10.0', java.version: '17.0.12'
Driver info: org.openqa.selenium.chrome.ChromeDriver
Command: [53f70a4dc486039db4d05f317698ad0d, get {url=http://127.0.0.1:5500/website/index.html}]
Capabilities {acceptInsecureCerts: false, browserName: chrome, browserVersion: 145.0.7632.109, chrome: {chromedriverVersion: 145.0.7632.77 (da516187054a..., userDataDir: C:\Windows\SystemTemp\scope...}, fedcm:accounts: true, goog:chromeOptions: {debuggerAddress: localhost:49804}, goog:processID: 8624, networkConnectionEnabled: false, pageLoadStrategy: normal, platformName: windows, proxy: Proxy(), se:cdp: ws://localhost:49804/devtoo..., se:cdpVersion: 145.0.7632.109, setWindowRect: true, strictFileInteractability: false, timeouts: {implicit: 0, pageLoad: 300000, script: 30000}, unhandledPromptBehavior: dismiss and notify, webauthn:extension:credBlob: true, webauthn:extension:largeBlob: true, webauthn:extension:minPinLength: true, webauthn:extension:prf: true, webauthn:virtualAuthenticators: true}
Session ID: 53f70a4dc486039db4d05f317698ad0d
at org.openqa.selenium.remote.ErrorCodec.decode(ErrorCodec.java:167)
at org.openqa.selenium.remote.codec.w3c.W3CHttpResponseCodec.decode(W3CHttpResponseCodec.java:138)
at org.openqa.selenium.remote.codec.w3c.W3CHttpResponseCodec.decode(W3CHttpResponseCodec.java:50)
at org.openqa.selenium.remote.HttpCommandExecutor.execute(HttpCommandExecutor.java:190)
at org.openqa.selenium.remote.service.DriverCommandExecutor.invokeExecute(DriverCommandExecutor.java:216)
at org.openqa.selenium.remote.service.DriverCommandExecutor.execute(DriverCommandExecutor.java:174)
at org.openqa.selenium.remote.RemoteWebDriver.execute(RemoteWebDriver.java:519)
at org.openqa.selenium.remote.RemoteWebDriver.get(RemoteWebDriver.java:301)
at com.example.ZyphroaTest.openPage(ZyphroaTest.java:162)
at com.example.ZyphroaTest.TC01_LoginUrl(ZyphroaTest.java:168)
at java.base/java.util.ArrayList.forEach(ArrayList.java:1511)
... Removed 36 stack frames]]>
    </failure>
  </testcase> <!-- TC01_LoginUrl -->
  <testcase classname="com.example.ZyphroaTest" name="TC02_LoginTitleNotEmpty" time="1.835">
    <failure type="org.openqa.selenium.WebDriverException" message="unknown error: net::ERR_CONNECTION_REFUSED
  (Session info: chrome=145.0.7632.109)
Build info: version: &amp;apos;4.18.1&amp;apos;, revision: &amp;apos;b1d3319b48&amp;apos;
System info: os.name: &amp;apos;Windows 10&amp;apos;, os.arch: &amp;apos;amd64&amp;apos;, os.version: &amp;apos;10.0&amp;apos;, java.version: &amp;apos;17.0.12&amp;apos;
Driver info: org.openqa.selenium.chrome.ChromeDriver
Command: [53f70a4dc486039db4d05f317698ad0d, get {url=http://127.0.0.1:5500/website/index.html}]
Capabilities {acceptInsecureCerts: false, browserName: chrome, browserVersion: 145.0.7632.109, chrome: {chromedriverVersion: 145.0.7632.77 (da516187054a..., userDataDir: C:\Windows\SystemTemp\scope...}, fedcm:accounts: true, goog:chromeOptions: {debuggerAddress: localhost:49804}, goog:processID: 8624, networkConnectionEnabled: false, pageLoadStrategy: normal, platformName: windows, proxy: Proxy(), se:cdp: ws://localhost:49804/devtoo..., se:cdpVersion: 145.0.7632.109, setWindowRect: true, strictFileInteractability: false, timeouts: {implicit: 0, pageLoad: 300000, script: 30000}, unhandledPromptBehavior: dismiss and notify, webauthn:extension:credBlob: true, webauthn:extension:largeBlob: true, webauthn:extension:minPinLength: true, webauthn:extension:prf: true, webauthn:virtualAuthenticators: true}
Session ID: 53f70a4dc486039db4d05f317698ad0d">
      <![CDATA[org.openqa.selenium.WebDriverException: unknown error: net::ERR_CONNECTION_REFUSED
  (Session info: chrome=145.0.7632.109)
Build info: version: '4.18.1', revision: 'b1d3319b48'
System info: os.name: 'Windows 10', os.arch: 'amd64', os.version: '10.0', java.version: '17.0.12'
Driver info: org.openqa.selenium.chrome.ChromeDriver
Command: [53f70a4dc486039db4d05f317698ad0d, get {url=http://127.0.0.1:5500/website/index.html}]
Capabilities {acceptInsecureCerts: false, browserName: chrome, browserVersion: 145.0.7632.109, chrome: {chromedriverVersion: 145.0.7632.77 (da516187054a..., userDataDir: C:\Windows\SystemTemp\scope...}, fedcm:accounts: true, goog:chromeOptions: {debuggerAddress: localhost:49804}, goog:processID: 8624, networkConnectionEnabled: false, pageLoadStrategy: normal, platformName: windows, proxy: Proxy(), se:cdp: ws://localhost:49804/devtoo..., se:cdpVersion: 145.0.7632.109, setWindowRect: true, strictFileInteractability: false, timeouts: {implicit: 0, pageLoad: 300000, script: 30000}, unhandledPromptBehavior: dismiss and notify, webauthn:extension:credBlob: true, webauthn:extension:largeBlob: true, webauthn:extension:minPinLength: true, webauthn:extension:prf: true, webauthn:virtualAuthenticators: true}
Session ID: 53f70a4dc486039db4d05f317698ad0d
at org.openqa.selenium.remote.ErrorCodec.decode(ErrorCodec.java:167)
at org.openqa.selenium.remote.codec.w3c.W3CHttpResponseCodec.decode(W3CHttpResponseCodec.java:138)
at org.openqa.selenium.remote.codec.w3c.W3CHttpResponseCodec.decode(W3CHttpResponseCodec.java:50)
at org.openqa.selenium.remote.HttpCommandExecutor.execute(HttpCommandExecutor.java:190)
at org.openqa.selenium.remote.service.DriverCommandExecutor.invokeExecute(DriverCommandExecutor.java:216)
at org.openqa.selenium.remote.service.DriverCommandExecutor.execute(DriverCommandExecutor.java:174)
at org.openqa.selenium.remote.RemoteWebDriver.execute(RemoteWebDriver.java:519)
at org.openqa.selenium.remote.RemoteWebDriver.get(RemoteWebDriver.java:301)
at com.example.ZyphroaTest.openPage(ZyphroaTest.java:162)
at com.example.ZyphroaTest.TC02_LoginTitleNotEmpty(ZyphroaTest.java:169)
at java.base/java.util.ArrayList.forEach(ArrayList.java:1511)
... Removed 36 stack frames]]>
    </failure>
  </testcase> <!-- TC02_LoginTitleNotEmpty -->
  <testcase classname="com.example.ZyphroaTest" name="TC03_LoginBodyVisible" time="0.241">
    <failure type="org.openqa.selenium.WebDriverException" message="unknown error: net::ERR_CONNECTION_REFUSED
  (Session info: chrome=145.0.7632.109)
Build info: version: &amp;apos;4.18.1&amp;apos;, revision: &amp;apos;b1d3319b48&amp;apos;
System info: os.name: &amp;apos;Windows 10&amp;apos;, os.arch: &amp;apos;amd64&amp;apos;, os.version: &amp;apos;10.0&amp;apos;, java.version: &amp;apos;17.0.12&amp;apos;
Driver info: org.openqa.selenium.chrome.ChromeDriver
Command: [53f70a4dc486039db4d05f317698ad0d, get {url=http://127.0.0.1:5500/website/index.html}]
Capabilities {acceptInsecureCerts: false, browserName: chrome, browserVersion: 145.0.7632.109, chrome: {chromedriverVersion: 145.0.7632.77 (da516187054a..., userDataDir: C:\Windows\SystemTemp\scope...}, fedcm:accounts: true, goog:chromeOptions: {debuggerAddress: localhost:49804}, goog:processID: 8624, networkConnectionEnabled: false, pageLoadStrategy: normal, platformName: windows, proxy: Proxy(), se:cdp: ws://localhost:49804/devtoo..., se:cdpVersion: 145.0.7632.109, setWindowRect: true, strictFileInteractability: false, timeouts: {implicit: 0, pageLoad: 300000, script: 30000}, unhandledPromptBehavior: dismiss and notify, webauthn:extension:credBlob: true, webauthn:extension:largeBlob: true, webauthn:extension:minPinLength: true, webauthn:extension:prf: true, webauthn:virtualAuthenticators: true}
Session ID: 53f70a4dc486039db4d05f317698ad0d">
      <![CDATA[org.openqa.selenium.WebDriverException: unknown error: net::ERR_CONNECTION_REFUSED
  (Session info: chrome=145.0.7632.109)
Build info: version: '4.18.1', revision: 'b1d3319b48'
System info: os.name: 'Windows 10', os.arch: 'amd64', os.version: '10.0', java.version: '17.0.12'
Driver info: org.openqa.selenium.chrome.ChromeDriver
Command: [53f70a4dc486039db4d05f317698ad0d, get {url=http://127.0.0.1:5500/website/index.html}]
Capabilities {acceptInsecureCerts: false, browserName: chrome, browserVersion: 145.0.7632.109, chrome: {chromedriverVersion: 145.0.7632.77 (da516187054a..., userDataDir: C:\Windows\SystemTemp\scope...}, fedcm:accounts: true, goog:chromeOptions: {debuggerAddress: localhost:49804}, goog:processID: 8624, networkConnectionEnabled: false, pageLoadStrategy: normal, platformName: windows, proxy: Proxy(), se:cdp: ws://localhost:49804/devtoo..., se:cdpVersion: 145.0.7632.109, setWindowRect: true, strictFileInteractability: false, timeouts: {implicit: 0, pageLoad: 300000, script: 30000}, unhandledPromptBehavior: dismiss and notify, webauthn:extension:credBlob: true, webauthn:extension:largeBlob: true, webauthn:extension:minPinLength: true, webauthn:extension:prf: true, webauthn:virtualAuthenticators: true}
Session ID: 53f70a4dc486039db4d05f317698ad0d
at org.openqa.selenium.remote.ErrorCodec.decode(ErrorCodec.java:167)
at org.openqa.selenium.remote.codec.w3c.W3CHttpResponseCodec.decode(W3CHttpResponseCodec.java:138)
at org.openqa.selenium.remote.codec.w3c.W3CHttpResponseCodec.decode(W3CHttpResponseCodec.java:50)
at org.openqa.selenium.remote.HttpCommandExecutor.execute(HttpCommandExecutor.java:190)
at org.openqa.selenium.remote.service.DriverCommandExecutor.invokeExecute(DriverCommandExecutor.java:216)
at org.openqa.selenium.remote.service.DriverCommandExecutor.execute(DriverCommandExecutor.java:174)
at org.openqa.selenium.remote.RemoteWebDriver.execute(RemoteWebDriver.java:519)
at org.openqa.selenium.remote.RemoteWebDriver.get(RemoteWebDriver.java:301)
at com.example.ZyphroaTest.openPage(ZyphroaTest.java:162)
at com.example.ZyphroaTest.TC03_LoginBodyVisible(ZyphroaTest.java:170)
at java.base/java.util.ArrayList.forEach(ArrayList.java:1511)
... Removed 36 stack frames]]>
    </failure>
  </testcase> <!-- TC03_LoginBodyVisible -->
  <testcase classname="com.example.ZyphroaTest" name="TC04_LoginHTMLVisible" time="1.919">
    <failure type="org.openqa.selenium.WebDriverException" message="unknown error: net::ERR_CONNECTION_REFUSED
  (Session info: chrome=145.0.7632.109)
Build info: version: &amp;apos;4.18.1&amp;apos;, revision: &amp;apos;b1d3319b48&amp;apos;
System info: os.name: &amp;apos;Windows 10&amp;apos;, os.arch: &amp;apos;amd64&amp;apos;, os.version: &amp;apos;10.0&amp;apos;, java.version: &amp;apos;17.0.12&amp;apos;
Driver info: org.openqa.selenium.chrome.ChromeDriver
Command: [53f70a4dc486039db4d05f317698ad0d, get {url=http://127.0.0.1:5500/website/index.html}]
Capabilities {acceptInsecureCerts: false, browserName: chrome, browserVersion: 145.0.7632.109, chrome: {chromedriverVersion: 145.0.7632.77 (da516187054a..., userDataDir: C:\Windows\SystemTemp\scope...}, fedcm:accounts: true, goog:chromeOptions: {debuggerAddress: localhost:49804}, goog:processID: 8624, networkConnectionEnabled: false, pageLoadStrategy: normal, platformName: windows, proxy: Proxy(), se:cdp: ws://localhost:49804/devtoo..., se:cdpVersion: 145.0.7632.109, setWindowRect: true, strictFileInteractability: false, timeouts: {implicit: 0, pageLoad: 300000, script: 30000}, unhandledPromptBehavior: dismiss and notify, webauthn:extension:credBlob: true, webauthn:extension:largeBlob: true, webauthn:extension:minPinLength: true, webauthn:extension:prf: true, webauthn:virtualAuthenticators: true}
Session ID: 53f70a4dc486039db4d05f317698ad0d">
      <![CDATA[org.openqa.selenium.WebDriverException: unknown error: net::ERR_CONNECTION_REFUSED
  (Session info: chrome=145.0.7632.109)
Build info: version: '4.18.1', revision: 'b1d3319b48'
System info: os.name: 'Windows 10', os.arch: 'amd64', os.version: '10.0', java.version: '17.0.12'
Driver info: org.openqa.selenium.chrome.ChromeDriver
Command: [53f70a4dc486039db4d05f317698ad0d, get {url=http://127.0.0.1:5500/website/index.html}]
Capabilities {acceptInsecureCerts: false, browserName: chrome, browserVersion: 145.0.7632.109, chrome: {chromedriverVersion: 145.0.7632.77 (da516187054a..., userDataDir: C:\Windows\SystemTemp\scope...}, fedcm:accounts: true, goog:chromeOptions: {debuggerAddress: localhost:49804}, goog:processID: 8624, networkConnectionEnabled: false, pageLoadStrategy: normal, platformName: windows, proxy: Proxy(), se:cdp: ws://localhost:49804/devtoo..., se:cdpVersion: 145.0.7632.109, setWindowRect: true, strictFileInteractability: false, timeouts: {implicit: 0, pageLoad: 300000, script: 30000}, unhandledPromptBehavior: dismiss and notify, webauthn:extension:credBlob: true, webauthn:extension:largeBlob: true, webauthn:extension:minPinLength: true, webauthn:extension:prf: true, webauthn:virtualAuthenticators: true}
Session ID: 53f70a4dc486039db4d05f317698ad0d
at org.openqa.selenium.remote.ErrorCodec.decode(ErrorCodec.java:167)
at org.openqa.selenium.remote.codec.w3c.W3CHttpResponseCodec.decode(W3CHttpResponseCodec.java:138)
at org.openqa.selenium.remote.codec.w3c.W3CHttpResponseCodec.decode(W3CHttpResponseCodec.java:50)
at org.openqa.selenium.remote.HttpCommandExecutor.execute(HttpCommandExecutor.java:190)
at org.openqa.selenium.remote.service.DriverCommandExecutor.invokeExecute(DriverCommandExecutor.java:216)
at org.openqa.selenium.remote.service.DriverCommandExecutor.execute(DriverCommandExecutor.java:174)
at org.openqa.selenium.remote.RemoteWebDriver.execute(RemoteWebDriver.java:519)
at org.openqa.selenium.remote.RemoteWebDriver.get(RemoteWebDriver.java:301)
at com.example.ZyphroaTest.openPage(ZyphroaTest.java:162)
at com.example.ZyphroaTest.TC04_LoginHTMLVisible(ZyphroaTest.java:171)
at java.base/java.util.ArrayList.forEach(ArrayList.java:1511)
... Removed 36 stack frames]]>
    </failure>
  </testcase> <!-- TC04_LoginHTMLVisible -->
  <testcase classname="com.example.ZyphroaTest" name="TC05_LoginPageSourceLength" time="3.049">
    <failure type="org.openqa.selenium.WebDriverException" message="unknown error: net::ERR_CONNECTION_REFUSED
  (Session info: chrome=145.0.7632.109)
Build info: version: &amp;apos;4.18.1&amp;apos;, revision: &amp;apos;b1d3319b48&amp;apos;
System info: os.name: &amp;apos;Windows 10&amp;apos;, os.arch: &amp;apos;amd64&amp;apos;, os.version: &amp;apos;10.0&amp;apos;, java.version: &amp;apos;17.0.12&amp;apos;
Driver info: org.openqa.selenium.chrome.ChromeDriver
Command: [53f70a4dc486039db4d05f317698ad0d, get {url=http://127.0.0.1:5500/website/index.html}]
Capabilities {acceptInsecureCerts: false, browserName: chrome, browserVersion: 145.0.7632.109, chrome: {chromedriverVersion: 145.0.7632.77 (da516187054a..., userDataDir: C:\Windows\SystemTemp\scope...}, fedcm:accounts: true, goog:chromeOptions: {debuggerAddress: localhost:49804}, goog:processID: 8624, networkConnectionEnabled: false, pageLoadStrategy: normal, platformName: windows, proxy: Proxy(), se:cdp: ws://localhost:49804/devtoo..., se:cdpVersion: 145.0.7632.109, setWindowRect: true, strictFileInteractability: false, timeouts: {implicit: 0, pageLoad: 300000, script: 30000}, unhandledPromptBehavior: dismiss and notify, webauthn:extension:credBlob: true, webauthn:extension:largeBlob: true, webauthn:extension:minPinLength: true, webauthn:extension:prf: true, webauthn:virtualAuthenticators: true}
Session ID: 53f70a4dc486039db4d05f317698ad0d">
      <![CDATA[org.openqa.selenium.WebDriverException: unknown error: net::ERR_CONNECTION_REFUSED
  (Session info: chrome=145.0.7632.109)
Build info: version: '4.18.1', revision: 'b1d3319b48'
System info: os.name: 'Windows 10', os.arch: 'amd64', os.version: '10.0', java.version: '17.0.12'
Driver info: org.openqa.selenium.chrome.ChromeDriver
Command: [53f70a4dc486039db4d05f317698ad0d, get {url=http://127.0.0.1:5500/website/index.html}]
Capabilities {acceptInsecureCerts: false, browserName: chrome, browserVersion: 145.0.7632.109, chrome: {chromedriverVersion: 145.0.7632.77 (da516187054a..., userDataDir: C:\Windows\SystemTemp\scope...}, fedcm:accounts: true, goog:chromeOptions: {debuggerAddress: localhost:49804}, goog:processID: 8624, networkConnectionEnabled: false, pageLoadStrategy: normal, platformName: windows, proxy: Proxy(), se:cdp: ws://localhost:49804/devtoo..., se:cdpVersion: 145.0.7632.109, setWindowRect: true, strictFileInteractability: false, timeouts: {implicit: 0, pageLoad: 300000, script: 30000}, unhandledPromptBehavior: dismiss and notify, webauthn:extension:credBlob: true, webauthn:extension:largeBlob: true, webauthn:extension:minPinLength: true, webauthn:extension:prf: true, webauthn:virtualAuthenticators: true}
Session ID: 53f70a4dc486039db4d05f317698ad0d
at org.openqa.selenium.remote.ErrorCodec.decode(ErrorCodec.java:167)
at org.openqa.selenium.remote.codec.w3c.W3CHttpResponseCodec.decode(W3CHttpResponseCodec.java:138)
at org.openqa.selenium.remote.codec.w3c.W3CHttpResponseCodec.decode(W3CHttpResponseCodec.java:50)
at org.openqa.selenium.remote.HttpCommandExecutor.execute(HttpCommandExecutor.java:190)
at org.openqa.selenium.remote.service.DriverCommandExecutor.invokeExecute(DriverCommandExecutor.java:216)
at org.openqa.selenium.remote.service.DriverCommandExecutor.execute(DriverCommandExecutor.java:174)
at org.openqa.selenium.remote.RemoteWebDriver.execute(RemoteWebDriver.java:519)
at org.openqa.selenium.remote.RemoteWebDriver.get(RemoteWebDriver.java:301)
at com.example.ZyphroaTest.openPage(ZyphroaTest.java:162)
at com.example.ZyphroaTest.TC05_LoginPageSourceLength(ZyphroaTest.java:172)
at java.base/java.util.ArrayList.forEach(ArrayList.java:1511)
... Removed 36 stack frames]]>
    </failure>
  </testcase> <!-- TC05_LoginPageSourceLength -->
  <testcase classname="com.example.ZyphroaTest" name="TC06_LoginRefresh" time="3.222">
    <failure type="org.openqa.selenium.WebDriverException" message="unknown error: net::ERR_CONNECTION_REFUSED
  (Session info: chrome=145.0.7632.109)
Build info: version: &amp;apos;4.18.1&amp;apos;, revision: &amp;apos;b1d3319b48&amp;apos;
System info: os.name: &amp;apos;Windows 10&amp;apos;, os.arch: &amp;apos;amd64&amp;apos;, os.version: &amp;apos;10.0&amp;apos;, java.version: &amp;apos;17.0.12&amp;apos;
Driver info: org.openqa.selenium.chrome.ChromeDriver
Command: [53f70a4dc486039db4d05f317698ad0d, get {url=http://127.0.0.1:5500/website/index.html}]
Capabilities {acceptInsecureCerts: false, browserName: chrome, browserVersion: 145.0.7632.109, chrome: {chromedriverVersion: 145.0.7632.77 (da516187054a..., userDataDir: C:\Windows\SystemTemp\scope...}, fedcm:accounts: true, goog:chromeOptions: {debuggerAddress: localhost:49804}, goog:processID: 8624, networkConnectionEnabled: false, pageLoadStrategy: normal, platformName: windows, proxy: Proxy(), se:cdp: ws://localhost:49804/devtoo..., se:cdpVersion: 145.0.7632.109, setWindowRect: true, strictFileInteractability: false, timeouts: {implicit: 0, pageLoad: 300000, script: 30000}, unhandledPromptBehavior: dismiss and notify, webauthn:extension:credBlob: true, webauthn:extension:largeBlob: true, webauthn:extension:minPinLength: true, webauthn:extension:prf: true, webauthn:virtualAuthenticators: true}
Session ID: 53f70a4dc486039db4d05f317698ad0d">
      <![CDATA[org.openqa.selenium.WebDriverException: unknown error: net::ERR_CONNECTION_REFUSED
  (Session info: chrome=145.0.7632.109)
Build info: version: '4.18.1', revision: 'b1d3319b48'
System info: os.name: 'Windows 10', os.arch: 'amd64', os.version: '10.0', java.version: '17.0.12'
Driver info: org.openqa.selenium.chrome.ChromeDriver
Command: [53f70a4dc486039db4d05f317698ad0d, get {url=http://127.0.0.1:5500/website/index.html}]
Capabilities {acceptInsecureCerts: false, browserName: chrome, browserVersion: 145.0.7632.109, chrome: {chromedriverVersion: 145.0.7632.77 (da516187054a..., userDataDir: C:\Windows\SystemTemp\scope...}, fedcm:accounts: true, goog:chromeOptions: {debuggerAddress: localhost:49804}, goog:processID: 8624, networkConnectionEnabled: false, pageLoadStrategy: normal, platformName: windows, proxy: Proxy(), se:cdp: ws://localhost:49804/devtoo..., se:cdpVersion: 145.0.7632.109, setWindowRect: true, strictFileInteractability: false, timeouts: {implicit: 0, pageLoad: 300000, script: 30000}, unhandledPromptBehavior: dismiss and notify, webauthn:extension:credBlob: true, webauthn:extension:largeBlob: true, webauthn:extension:minPinLength: true, webauthn:extension:prf: true, webauthn:virtualAuthenticators: true}
Session ID: 53f70a4dc486039db4d05f317698ad0d
at org.openqa.selenium.remote.ErrorCodec.decode(ErrorCodec.java:167)
at org.openqa.selenium.remote.codec.w3c.W3CHttpResponseCodec.decode(W3CHttpResponseCodec.java:138)
at org.openqa.selenium.remote.codec.w3c.W3CHttpResponseCodec.decode(W3CHttpResponseCodec.java:50)
at org.openqa.selenium.remote.HttpCommandExecutor.execute(HttpCommandExecutor.java:190)
at org.openqa.selenium.remote.service.DriverCommandExecutor.invokeExecute(DriverCommandExecutor.java:216)
at org.openqa.selenium.remote.service.DriverCommandExecutor.execute(DriverCommandExecutor.java:174)
at org.openqa.selenium.remote.RemoteWebDriver.execute(RemoteWebDriver.java:519)
at org.openqa.selenium.remote.RemoteWebDriver.get(RemoteWebDriver.java:301)
at com.example.ZyphroaTest.openPage(ZyphroaTest.java:162)
at com.example.ZyphroaTest.TC06_LoginRefresh(ZyphroaTest.java:173)
at java.base/java.util.ArrayList.forEach(ArrayList.java:1511)
... Removed 36 stack frames]]>
    </failure>
  </testcase> <!-- TC06_LoginRefresh -->
  <testcase classname="com.example.ZyphroaTest" name="TC07_LoginBackForward" time="2.091">
    <failure type="org.openqa.selenium.WebDriverException" message="unknown error: net::ERR_CONNECTION_REFUSED
  (Session info: chrome=145.0.7632.109)
Build info: version: &amp;apos;4.18.1&amp;apos;, revision: &amp;apos;b1d3319b48&amp;apos;
System info: os.name: &amp;apos;Windows 10&amp;apos;, os.arch: &amp;apos;amd64&amp;apos;, os.version: &amp;apos;10.0&amp;apos;, java.version: &amp;apos;17.0.12&amp;apos;
Driver info: org.openqa.selenium.chrome.ChromeDriver
Command: [53f70a4dc486039db4d05f317698ad0d, get {url=http://127.0.0.1:5500/website/index.html}]
Capabilities {acceptInsecureCerts: false, browserName: chrome, browserVersion: 145.0.7632.109, chrome: {chromedriverVersion: 145.0.7632.77 (da516187054a..., userDataDir: C:\Windows\SystemTemp\scope...}, fedcm:accounts: true, goog:chromeOptions: {debuggerAddress: localhost:49804}, goog:processID: 8624, networkConnectionEnabled: false, pageLoadStrategy: normal, platformName: windows, proxy: Proxy(), se:cdp: ws://localhost:49804/devtoo..., se:cdpVersion: 145.0.7632.109, setWindowRect: true, strictFileInteractability: false, timeouts: {implicit: 0, pageLoad: 300000, script: 30000}, unhandledPromptBehavior: dismiss and notify, webauthn:extension:credBlob: true, webauthn:extension:largeBlob: true, webauthn:extension:minPinLength: true, webauthn:extension:prf: true, webauthn:virtualAuthenticators: true}
Session ID: 53f70a4dc486039db4d05f317698ad0d">
      <![CDATA[org.openqa.selenium.WebDriverException: unknown error: net::ERR_CONNECTION_REFUSED
  (Session info: chrome=145.0.7632.109)
Build info: version: '4.18.1', revision: 'b1d3319b48'
System info: os.name: 'Windows 10', os.arch: 'amd64', os.version: '10.0', java.version: '17.0.12'
Driver info: org.openqa.selenium.chrome.ChromeDriver
Command: [53f70a4dc486039db4d05f317698ad0d, get {url=http://127.0.0.1:5500/website/index.html}]
Capabilities {acceptInsecureCerts: false, browserName: chrome, browserVersion: 145.0.7632.109, chrome: {chromedriverVersion: 145.0.7632.77 (da516187054a..., userDataDir: C:\Windows\SystemTemp\scope...}, fedcm:accounts: true, goog:chromeOptions: {debuggerAddress: localhost:49804}, goog:processID: 8624, networkConnectionEnabled: false, pageLoadStrategy: normal, platformName: windows, proxy: Proxy(), se:cdp: ws://localhost:49804/devtoo..., se:cdpVersion: 145.0.7632.109, setWindowRect: true, strictFileInteractability: false, timeouts: {implicit: 0, pageLoad: 300000, script: 30000}, unhandledPromptBehavior: dismiss and notify, webauthn:extension:credBlob: true, webauthn:extension:largeBlob: true, webauthn:extension:minPinLength: true, webauthn:extension:prf: true, webauthn:virtualAuthenticators: true}
Session ID: 53f70a4dc486039db4d05f317698ad0d
at org.openqa.selenium.remote.ErrorCodec.decode(ErrorCodec.java:167)
at org.openqa.selenium.remote.codec.w3c.W3CHttpResponseCodec.decode(W3CHttpResponseCodec.java:138)
at org.openqa.selenium.remote.codec.w3c.W3CHttpResponseCodec.decode(W3CHttpResponseCodec.java:50)
at org.openqa.selenium.remote.HttpCommandExecutor.execute(HttpCommandExecutor.java:190)
at org.openqa.selenium.remote.service.DriverCommandExecutor.invokeExecute(DriverCommandExecutor.java:216)
at org.openqa.selenium.remote.service.DriverCommandExecutor.execute(DriverCommandExecutor.java:174)
at org.openqa.selenium.remote.RemoteWebDriver.execute(RemoteWebDriver.java:519)
at org.openqa.selenium.remote.RemoteWebDriver.get(RemoteWebDriver.java:301)
at com.example.ZyphroaTest.openPage(ZyphroaTest.java:162)
at com.example.ZyphroaTest.TC07_LoginBackForward(ZyphroaTest.java:174)
at java.base/java.util.ArrayList.forEach(ArrayList.java:1511)
... Removed 36 stack frames]]>
    </failure>
  </testcase> <!-- TC07_LoginBackForward -->
  <testcase classname="com.example.ZyphroaTest" name="TC08_LoginJSExecution" time="0.016"/>
  <testcase classname="com.example.ZyphroaTest" name="TC09_LoginWindowHeight" time="0.011"/>
  <testcase classname="com.example.ZyphroaTest" name="TC10_LoginDriverNotNull" time="0.002"/>
  <testcase classname="com.example.ZyphroaTest" name="TC11_HomeUrlContains" time="3.869"/>
  <testcase classname="com.example.ZyphroaTest" name="TC12_HomeTitleExists" time="0.219"/>
  <testcase classname="com.example.ZyphroaTest" name="TC13_HomeBodyVisible" time="0.348"/>
  <testcase classname="com.example.ZyphroaTest" name="TC14_HomePageSource" time="0.247"/>
  <testcase classname="com.example.ZyphroaTest" name="TC15_HomeRefresh" time="0.258"/>
  <testcase classname="com.example.ZyphroaTest" name="TC16_HomeScrollDown" time="0.232"/>
  <testcase classname="com.example.ZyphroaTest" name="TC17_HomeScrollTop" time="0.19"/>
  <testcase classname="com.example.ZyphroaTest" name="TC18_HomeReadyState" time="0.244"/>
  <testcase classname="com.example.ZyphroaTest" name="TC19_HomeJSBoolean" time="0.208"/>
  <testcase classname="com.example.ZyphroaTest" name="TC20_HomeJSString" time="0.214"/>
  <testcase classname="com.example.ZyphroaTest" name="TC21_HomeBackNav" time="0.828"/>
  <testcase classname="com.example.ZyphroaTest" name="TC22_HomeForwardNav" time="0.347"/>
  <testcase classname="com.example.ZyphroaTest" name="TC23_HomePageLength" time="0.198"/>
  <testcase classname="com.example.ZyphroaTest" name="TC24_HomeURLExact" time="0.315"/>
  <testcase classname="com.example.ZyphroaTest" name="TC25_HomeWindowWidth" time="0.019"/>
  <testcase classname="com.example.ZyphroaTest" name="TC26_CartUrl" time="0.448"/>
  <testcase classname="com.example.ZyphroaTest" name="TC27_CartTitle" time="0.33"/>
  <testcase classname="com.example.ZyphroaTest" name="TC28_CartBodyVisible" time="0.243"/>
  <testcase classname="com.example.ZyphroaTest" name="TC29_CartRefresh" time="0.747"/>
  <testcase classname="com.example.ZyphroaTest" name="TC30_CartPageLength" time="0.172"/>
  <testcase classname="com.example.ZyphroaTest" name="TC31_CartJSCalc" time="0.185"/>
  <testcase classname="com.example.ZyphroaTest" name="TC32_CartScroll" time="0.186"/>
  <testcase classname="com.example.ZyphroaTest" name="TC33_CartScrollTop" time="0.221"/>
  <testcase classname="com.example.ZyphroaTest" name="TC34_CartBackForward" time="0.325"/>
  <testcase classname="com.example.ZyphroaTest" name="TC35_CartReadyState" time="0.195"/>
  <testcase classname="com.example.ZyphroaTest" name="TC36_CartURLExact" time="0.219"/>
  <testcase classname="com.example.ZyphroaTest" name="TC37_CartPageSourceContainsHTML" time="0.2"/>
  <testcase classname="com.example.ZyphroaTest" name="TC38_CartWindowHeight" time="0.007"/>
  <testcase classname="com.example.ZyphroaTest" name="TC39_CartDriverActive" time="0.001"/>
  <testcase classname="com.example.ZyphroaTest" name="TC40_CartJSBoolean" time="0.266"/>
  <testcase classname="com.example.ZyphroaTest" name="TC41_CheckoutUrl" time="0.727"/>
  <testcase classname="com.example.ZyphroaTest" name="TC42_CheckoutTitle" time="0.19"/>
  <testcase classname="com.example.ZyphroaTest" name="TC43_CheckoutBody" time="0.217"/>
  <testcase classname="com.example.ZyphroaTest" name="TC44_CheckoutRefresh" time="0.317"/>
  <testcase classname="com.example.ZyphroaTest" name="TC45_CheckoutScroll" time="0.189"/>
  <testcase classname="com.example.ZyphroaTest" name="TC46_CheckoutReadyState" time="0.206"/>
  <testcase classname="com.example.ZyphroaTest" name="TC47_CheckoutJSNumber" time="0.719"/>
  <testcase classname="com.example.ZyphroaTest" name="TC48_CheckoutURLExact" time="0.195"/>
  <testcase classname="com.example.ZyphroaTest" name="TC49_CheckoutPageSource" time="0.217"/>
  <testcase classname="com.example.ZyphroaTest" name="TC50_CheckoutBackForward" time="0.338"/>
  <testcase classname="com.example.ZyphroaTest" name="TC51_CheckoutHTMLTag" time="0.243"/>
  <testcase classname="com.example.ZyphroaTest" name="TC52_CheckoutJSString" time="0.182"/>
  <testcase classname="com.example.ZyphroaTest" name="TC53_CheckoutWindowWidth" time="0.02"/>
  <testcase classname="com.example.ZyphroaTest" name="TC54_CheckoutDriverNotNull" time="0.001"/>
  <testcase classname="com.example.ZyphroaTest" name="TC55_CheckoutTitleLength" time="0.267"/>
  <testcase classname="com.example.ZyphroaTest" name="TC56_OrdersUrl" time="0.245"/>
  <testcase classname="com.example.ZyphroaTest" name="TC57_OrdersTitle" time="0.203"/>
  <testcase classname="com.example.ZyphroaTest" name="TC58_OrdersBody" time="0.241"/>
  <testcase classname="com.example.ZyphroaTest" name="TC59_OrdersRefresh" time="0.23"/>
  <testcase classname="com.example.ZyphroaTest" name="TC60_OrdersScroll" time="0.181"/>
  <testcase classname="com.example.ZyphroaTest" name="TC61_OrdersReadyState" time="0.192"/>
  <testcase classname="com.example.ZyphroaTest" name="TC62_OrdersURLExact" time="0.238"/>
  <testcase classname="com.example.ZyphroaTest" name="TC63_OrdersPageLength" time="0.237"/>
  <testcase classname="com.example.ZyphroaTest" name="TC64_OrdersBackForward" time="0.351"/>
  <testcase classname="com.example.ZyphroaTest" name="TC65_OrdersJSBoolean" time="0.187"/>
  <testcase classname="com.example.ZyphroaTest" name="TC66_OrdersJSNumber" time="0.213"/>
  <testcase classname="com.example.ZyphroaTest" name="TC67_OrdersHTMLTag" time="0.248"/>
  <testcase classname="com.example.ZyphroaTest" name="TC68_OrdersWindowHeight" time="0.006"/>
  <testcase classname="com.example.ZyphroaTest" name="TC69_OrdersDriverActive" time="0.001"/>
  <testcase classname="com.example.ZyphroaTest" name="TC70_OrdersTitleLength" time="0.24"/>
  <testcase classname="com.example.ZyphroaTest" name="TC71_SetLocalStorage" time="0.026"/>
  <testcase classname="com.example.ZyphroaTest" name="TC72_GetLocalStorage" time="0.007"/>
  <testcase classname="com.example.ZyphroaTest" name="TC73_RemoveLocalStorage" time="0.008"/>
  <testcase classname="com.example.ZyphroaTest" name="TC74_ClearLocalStorage" time="0.009"/>
  <testcase classname="com.example.ZyphroaTest" name="TC75_SetSessionStorage" time="0.007"/>
  <testcase classname="com.example.ZyphroaTest" name="TC76_GetSessionStorage" time="0.011"/>
  <testcase classname="com.example.ZyphroaTest" name="TC77_RemoveSessionStorage" time="0.007"/>
  <testcase classname="com.example.ZyphroaTest" name="TC78_JSReturnArray" time="0.007"/>
  <testcase classname="com.example.ZyphroaTest" name="TC79_JSReturnObject" time="0.006"/>
  <testcase classname="com.example.ZyphroaTest" name="TC80_JSMathRandom" time="0.007"/>
</testsuite> <!-- ZyphroaTest -->
